{"/home/kenan/Capstone_Project_2/backend/middleware/auth.js": {"path":"/home/kenan/Capstone_Project_2/backend/middleware/auth.js","statementMap":{"0":{"start":{"line":1,"column":12},"end":{"line":1,"column":35}},"1":{"start":{"line":2,"column":13},"end":{"line":2,"column":38}},"2":{"start":{"line":5,"column":16},"end":{"line":51,"column":1}},"3":{"start":{"line":6,"column":2},"end":{"line":50,"column":3}},"4":{"start":{"line":10,"column":4},"end":{"line":14,"column":5}},"5":{"start":{"line":11,"column":6},"end":{"line":11,"column":32}},"6":{"start":{"line":12,"column":11},"end":{"line":14,"column":5}},"7":{"start":{"line":13,"column":6},"end":{"line":13,"column":54}},"8":{"start":{"line":16,"column":4},"end":{"line":21,"column":5}},"9":{"start":{"line":17,"column":6},"end":{"line":20,"column":9}},"10":{"start":{"line":24,"column":20},"end":{"line":24,"column":61}},"11":{"start":{"line":27,"column":17},"end":{"line":27,"column":48}},"12":{"start":{"line":29,"column":4},"end":{"line":34,"column":5}},"13":{"start":{"line":30,"column":6},"end":{"line":33,"column":9}},"14":{"start":{"line":36,"column":4},"end":{"line":41,"column":5}},"15":{"start":{"line":37,"column":6},"end":{"line":40,"column":9}},"16":{"start":{"line":43,"column":4},"end":{"line":43,"column":20}},"17":{"start":{"line":44,"column":4},"end":{"line":44,"column":11}},"18":{"start":{"line":46,"column":4},"end":{"line":49,"column":7}},"19":{"start":{"line":54,"column":21},"end":{"line":77,"column":1}},"20":{"start":{"line":55,"column":2},"end":{"line":76,"column":3}},"21":{"start":{"line":58,"column":4},"end":{"line":62,"column":5}},"22":{"start":{"line":59,"column":6},"end":{"line":59,"column":32}},"23":{"start":{"line":60,"column":11},"end":{"line":62,"column":5}},"24":{"start":{"line":61,"column":6},"end":{"line":61,"column":54}},"25":{"start":{"line":64,"column":4},"end":{"line":70,"column":5}},"26":{"start":{"line":65,"column":22},"end":{"line":65,"column":63}},"27":{"start":{"line":66,"column":19},"end":{"line":66,"column":50}},"28":{"start":{"line":67,"column":6},"end":{"line":69,"column":7}},"29":{"start":{"line":68,"column":8},"end":{"line":68,"column":24}},"30":{"start":{"line":72,"column":4},"end":{"line":72,"column":11}},"31":{"start":{"line":75,"column":4},"end":{"line":75,"column":11}},"32":{"start":{"line":80,"column":18},"end":{"line":90,"column":1}},"33":{"start":{"line":81,"column":2},"end":{"line":89,"column":4}},"34":{"start":{"line":82,"column":4},"end":{"line":87,"column":5}},"35":{"start":{"line":83,"column":6},"end":{"line":86,"column":9}},"36":{"start":{"line":88,"column":4},"end":{"line":88,"column":11}},"37":{"start":{"line":93,"column":21},"end":{"line":107,"column":1}},"38":{"start":{"line":94,"column":2},"end":{"line":106,"column":4}},"39":{"start":{"line":95,"column":27},"end":{"line":95,"column":83}},"40":{"start":{"line":96,"column":26},"end":{"line":96,"column":49}},"41":{"start":{"line":97,"column":20},"end":{"line":97,"column":50}},"42":{"start":{"line":99,"column":4},"end":{"line":104,"column":5}},"43":{"start":{"line":100,"column":6},"end":{"line":103,"column":9}},"44":{"start":{"line":105,"column":4},"end":{"line":105,"column":11}},"45":{"start":{"line":109,"column":0},"end":{"line":109,"column":68}}},"fnMap":{"0":{"name":"(anonymous_0)","decl":{"start":{"line":5,"column":16},"end":{"line":5,"column":17}},"loc":{"start":{"line":5,"column":42},"end":{"line":51,"column":1}},"line":5},"1":{"name":"(anonymous_1)","decl":{"start":{"line":54,"column":21},"end":{"line":54,"column":22}},"loc":{"start":{"line":54,"column":47},"end":{"line":77,"column":1}},"line":54},"2":{"name":"(anonymous_2)","decl":{"start":{"line":80,"column":18},"end":{"line":80,"column":19}},"loc":{"start":{"line":80,"column":32},"end":{"line":90,"column":1}},"line":80},"3":{"name":"(anonymous_3)","decl":{"start":{"line":81,"column":9},"end":{"line":81,"column":10}},"loc":{"start":{"line":81,"column":29},"end":{"line":89,"column":3}},"line":81},"4":{"name":"(anonymous_4)","decl":{"start":{"line":93,"column":21},"end":{"line":93,"column":22}},"loc":{"start":{"line":93,"column":47},"end":{"line":107,"column":1}},"line":93},"5":{"name":"(anonymous_5)","decl":{"start":{"line":94,"column":9},"end":{"line":94,"column":10}},"loc":{"start":{"line":94,"column":29},"end":{"line":106,"column":3}},"line":94}},"branchMap":{"0":{"loc":{"start":{"line":10,"column":4},"end":{"line":14,"column":5}},"type":"if","locations":[{"start":{"line":10,"column":4},"end":{"line":14,"column":5}},{"start":{"line":12,"column":11},"end":{"line":14,"column":5}}],"line":10},"1":{"loc":{"start":{"line":10,"column":8},"end":{"line":10,"column":40}},"type":"binary-expr","locations":[{"start":{"line":10,"column":8},"end":{"line":10,"column":19}},{"start":{"line":10,"column":23},"end":{"line":10,"column":40}}],"line":10},"2":{"loc":{"start":{"line":12,"column":11},"end":{"line":14,"column":5}},"type":"if","locations":[{"start":{"line":12,"column":11},"end":{"line":14,"column":5}},{"start":{},"end":{}}],"line":12},"3":{"loc":{"start":{"line":12,"column":15},"end":{"line":12,"column":90}},"type":"binary-expr","locations":[{"start":{"line":12,"column":15},"end":{"line":12,"column":40}},{"start":{"line":12,"column":44},"end":{"line":12,"column":90}}],"line":12},"4":{"loc":{"start":{"line":16,"column":4},"end":{"line":21,"column":5}},"type":"if","locations":[{"start":{"line":16,"column":4},"end":{"line":21,"column":5}},{"start":{},"end":{}}],"line":16},"5":{"loc":{"start":{"line":29,"column":4},"end":{"line":34,"column":5}},"type":"if","locations":[{"start":{"line":29,"column":4},"end":{"line":34,"column":5}},{"start":{},"end":{}}],"line":29},"6":{"loc":{"start":{"line":36,"column":4},"end":{"line":41,"column":5}},"type":"if","locations":[{"start":{"line":36,"column":4},"end":{"line":41,"column":5}},{"start":{},"end":{}}],"line":36},"7":{"loc":{"start":{"line":58,"column":4},"end":{"line":62,"column":5}},"type":"if","locations":[{"start":{"line":58,"column":4},"end":{"line":62,"column":5}},{"start":{"line":60,"column":11},"end":{"line":62,"column":5}}],"line":58},"8":{"loc":{"start":{"line":58,"column":8},"end":{"line":58,"column":40}},"type":"binary-expr","locations":[{"start":{"line":58,"column":8},"end":{"line":58,"column":19}},{"start":{"line":58,"column":23},"end":{"line":58,"column":40}}],"line":58},"9":{"loc":{"start":{"line":60,"column":11},"end":{"line":62,"column":5}},"type":"if","locations":[{"start":{"line":60,"column":11},"end":{"line":62,"column":5}},{"start":{},"end":{}}],"line":60},"10":{"loc":{"start":{"line":60,"column":15},"end":{"line":60,"column":90}},"type":"binary-expr","locations":[{"start":{"line":60,"column":15},"end":{"line":60,"column":40}},{"start":{"line":60,"column":44},"end":{"line":60,"column":90}}],"line":60},"11":{"loc":{"start":{"line":64,"column":4},"end":{"line":70,"column":5}},"type":"if","locations":[{"start":{"line":64,"column":4},"end":{"line":70,"column":5}},{"start":{},"end":{}}],"line":64},"12":{"loc":{"start":{"line":67,"column":6},"end":{"line":69,"column":7}},"type":"if","locations":[{"start":{"line":67,"column":6},"end":{"line":69,"column":7}},{"start":{},"end":{}}],"line":67},"13":{"loc":{"start":{"line":67,"column":10},"end":{"line":67,"column":32}},"type":"binary-expr","locations":[{"start":{"line":67,"column":10},"end":{"line":67,"column":14}},{"start":{"line":67,"column":18},"end":{"line":67,"column":32}}],"line":67},"14":{"loc":{"start":{"line":82,"column":4},"end":{"line":87,"column":5}},"type":"if","locations":[{"start":{"line":82,"column":4},"end":{"line":87,"column":5}},{"start":{},"end":{}}],"line":82},"15":{"loc":{"start":{"line":93,"column":22},"end":{"line":93,"column":42}},"type":"default-arg","locations":[{"start":{"line":93,"column":36},"end":{"line":93,"column":42}}],"line":93},"16":{"loc":{"start":{"line":95,"column":27},"end":{"line":95,"column":83}},"type":"binary-expr","locations":[{"start":{"line":95,"column":27},"end":{"line":95,"column":66}},{"start":{"line":95,"column":70},"end":{"line":95,"column":83}}],"line":95},"17":{"loc":{"start":{"line":99,"column":4},"end":{"line":104,"column":5}},"type":"if","locations":[{"start":{"line":99,"column":4},"end":{"line":104,"column":5}},{"start":{},"end":{}}],"line":99},"18":{"loc":{"start":{"line":99,"column":8},"end":{"line":99,"column":52}},"type":"binary-expr","locations":[{"start":{"line":99,"column":8},"end":{"line":99,"column":40}},{"start":{"line":99,"column":44},"end":{"line":99,"column":52}}],"line":99}},"s":{"0":3,"1":3,"2":3,"3":78,"4":78,"5":0,"6":78,"7":71,"8":78,"9":7,"10":71,"11":71,"12":71,"13":0,"14":71,"15":0,"16":71,"17":71,"18":0,"19":3,"20":9,"21":9,"22":0,"23":9,"24":0,"25":9,"26":0,"27":0,"28":0,"29":0,"30":9,"31":0,"32":3,"33":12,"34":0,"35":0,"36":0,"37":3,"38":0,"39":0,"40":0,"41":0,"42":0,"43":0,"44":0,"45":3},"f":{"0":78,"1":9,"2":12,"3":0,"4":0,"5":0},"b":{"0":[0,78],"1":[78,78],"2":[71,7],"3":[78,71],"4":[7,71],"5":[0,71],"6":[0,71],"7":[0,9],"8":[9,9],"9":[0,9],"10":[9,0],"11":[0,9],"12":[0,0],"13":[0,0],"14":[0,0],"15":[0],"16":[0,0],"17":[0,0],"18":[0,0]},"_coverageSchema":"1a1c01bbd47fc00a2c39e90264f33305004495a9","hash":"d69d27fa4f5c31e878957b3c83e5fac29335345a"}
,"/home/kenan/Capstone_Project_2/backend/middleware/validators.js": {"path":"/home/kenan/Capstone_Project_2/backend/middleware/validators.js","statementMap":{"0":{"start":{"line":1,"column":49},"end":{"line":1,"column":77}},"1":{"start":{"line":4,"column":17},"end":{"line":14,"column":1}},"2":{"start":{"line":5,"column":17},"end":{"line":5,"column":38}},"3":{"start":{"line":6,"column":2},"end":{"line":12,"column":3}},"4":{"start":{"line":7,"column":4},"end":{"line":11,"column":7}},"5":{"start":{"line":10,"column":38},"end":{"line":10,"column":43}},"6":{"start":{"line":13,"column":2},"end":{"line":13,"column":9}},"7":{"start":{"line":17,"column":27},"end":{"line":54,"column":1}},"8":{"start":{"line":56,"column":24},"end":{"line":65,"column":1}},"9":{"start":{"line":68,"column":24},"end":{"line":106,"column":1}},"10":{"start":{"line":109,"column":23},"end":{"line":125,"column":1}},"11":{"start":{"line":128,"column":29},"end":{"line":149,"column":1}},"12":{"start":{"line":152,"column":26},"end":{"line":166,"column":1}},"13":{"start":{"line":169,"column":26},"end":{"line":174,"column":1}},"14":{"start":{"line":177,"column":29},"end":{"line":187,"column":1}},"15":{"start":{"line":189,"column":0},"end":{"line":199,"column":2}}},"fnMap":{"0":{"name":"(anonymous_0)","decl":{"start":{"line":4,"column":17},"end":{"line":4,"column":18}},"loc":{"start":{"line":4,"column":37},"end":{"line":14,"column":1}},"line":4},"1":{"name":"(anonymous_1)","decl":{"start":{"line":10,"column":33},"end":{"line":10,"column":34}},"loc":{"start":{"line":10,"column":38},"end":{"line":10,"column":43}},"line":10}},"branchMap":{"0":{"loc":{"start":{"line":6,"column":2},"end":{"line":12,"column":3}},"type":"if","locations":[{"start":{"line":6,"column":2},"end":{"line":12,"column":3}},{"start":{},"end":{}}],"line":6}},"s":{"0":3,"1":3,"2":196,"3":196,"4":8,"5":13,"6":188,"7":3,"8":3,"9":3,"10":3,"11":3,"12":3,"13":3,"14":3,"15":3},"f":{"0":196,"1":13},"b":{"0":[8,188]},"_coverageSchema":"1a1c01bbd47fc00a2c39e90264f33305004495a9","hash":"9124506b372e2772e3801346c7bd834455a8359d"}
,"/home/kenan/Capstone_Project_2/backend/models/booking.js": {"path":"/home/kenan/Capstone_Project_2/backend/models/booking.js","statementMap":{"0":{"start":{"line":1,"column":17},"end":{"line":1,"column":36}},"1":{"start":{"line":3,"column":22},"end":{"line":63,"column":2}},"2":{"start":{"line":66,"column":0},"end":{"line":66,"column":58}},"3":{"start":{"line":67,"column":0},"end":{"line":67,"column":44}},"4":{"start":{"line":68,"column":0},"end":{"line":68,"column":44}},"5":{"start":{"line":71,"column":0},"end":{"line":74,"column":2}},"6":{"start":{"line":76,"column":0},"end":{"line":76,"column":58}}},"fnMap":{},"branchMap":{},"s":{"0":3,"1":3,"2":3,"3":3,"4":3,"5":3,"6":3},"f":{},"b":{},"_coverageSchema":"1a1c01bbd47fc00a2c39e90264f33305004495a9","hash":"73f0a5485cfaa95ddf68fb04c901b3529d326ede"}
,"/home/kenan/Capstone_Project_2/backend/models/classified.js": {"path":"/home/kenan/Capstone_Project_2/backend/models/classified.js","statementMap":{"0":{"start":{"line":1,"column":17},"end":{"line":1,"column":36}},"1":{"start":{"line":3,"column":25},"end":{"line":98,"column":2}},"2":{"start":{"line":78,"column":19},"end":{"line":78,"column":66}},"3":{"start":{"line":101,"column":0},"end":{"line":101,"column":58}},"4":{"start":{"line":102,"column":0},"end":{"line":102,"column":40}},"5":{"start":{"line":103,"column":0},"end":{"line":103,"column":63}},"6":{"start":{"line":104,"column":0},"end":{"line":104,"column":42}},"7":{"start":{"line":107,"column":0},"end":{"line":109,"column":3}},"8":{"start":{"line":108,"column":2},"end":{"line":108,"column":31}},"9":{"start":{"line":112,"column":0},"end":{"line":112,"column":51}},"10":{"start":{"line":113,"column":0},"end":{"line":113,"column":53}},"11":{"start":{"line":115,"column":0},"end":{"line":115,"column":64}}},"fnMap":{"0":{"name":"(anonymous_0)","decl":{"start":{"line":78,"column":13},"end":{"line":78,"column":14}},"loc":{"start":{"line":78,"column":19},"end":{"line":78,"column":66}},"line":78},"1":{"name":"(anonymous_1)","decl":{"start":{"line":107,"column":47},"end":{"line":107,"column":48}},"loc":{"start":{"line":107,"column":58},"end":{"line":109,"column":1}},"line":107}},"branchMap":{},"s":{"0":3,"1":3,"2":0,"3":3,"4":3,"5":3,"6":3,"7":3,"8":0,"9":3,"10":3,"11":3},"f":{"0":0,"1":0},"b":{},"_coverageSchema":"1a1c01bbd47fc00a2c39e90264f33305004495a9","hash":"b71e8b8eff9f686cab2ba640c59acdd618a174f7"}
,"/home/kenan/Capstone_Project_2/backend/models/conversation.js": {"path":"/home/kenan/Capstone_Project_2/backend/models/conversation.js","statementMap":{"0":{"start":{"line":1,"column":17},"end":{"line":1,"column":36}},"1":{"start":{"line":3,"column":27},"end":{"line":42,"column":2}},"2":{"start":{"line":45,"column":0},"end":{"line":45,"column":46}},"3":{"start":{"line":46,"column":0},"end":{"line":46,"column":38}},"4":{"start":{"line":47,"column":0},"end":{"line":47,"column":45}},"5":{"start":{"line":49,"column":0},"end":{"line":49,"column":68}}},"fnMap":{},"branchMap":{},"s":{"0":3,"1":3,"2":3,"3":3,"4":3,"5":3},"f":{},"b":{},"_coverageSchema":"1a1c01bbd47fc00a2c39e90264f33305004495a9","hash":"a7e5d9b00a57a43f934b1be388c67eaab4063372"}
,"/home/kenan/Capstone_Project_2/backend/models/events.js": {"path":"/home/kenan/Capstone_Project_2/backend/models/events.js","statementMap":{"0":{"start":{"line":1,"column":17},"end":{"line":1,"column":36}},"1":{"start":{"line":3,"column":20},"end":{"line":183,"column":2}},"2":{"start":{"line":186,"column":0},"end":{"line":186,"column":42}},"3":{"start":{"line":187,"column":0},"end":{"line":187,"column":42}},"4":{"start":{"line":188,"column":0},"end":{"line":188,"column":58}},"5":{"start":{"line":191,"column":0},"end":{"line":197,"column":3}},"6":{"start":{"line":193,"column":2},"end":{"line":195,"column":3}},"7":{"start":{"line":194,"column":4},"end":{"line":194,"column":36}},"8":{"start":{"line":196,"column":2},"end":{"line":196,"column":66}},"9":{"start":{"line":196,"column":37},"end":{"line":196,"column":57}},"10":{"start":{"line":200,"column":0},"end":{"line":203,"column":3}},"11":{"start":{"line":201,"column":19},"end":{"line":201,"column":104}},"12":{"start":{"line":201,"column":76},"end":{"line":201,"column":96}},"13":{"start":{"line":202,"column":2},"end":{"line":202,"column":42}},"14":{"start":{"line":206,"column":0},"end":{"line":209,"column":3}},"15":{"start":{"line":207,"column":2},"end":{"line":207,"column":36}},"16":{"start":{"line":207,"column":27},"end":{"line":207,"column":36}},"17":{"start":{"line":208,"column":2},"end":{"line":208,"column":71}},"18":{"start":{"line":208,"column":40},"end":{"line":208,"column":62}},"19":{"start":{"line":212,"column":0},"end":{"line":212,"column":46}},"20":{"start":{"line":213,"column":0},"end":{"line":213,"column":48}},"21":{"start":{"line":215,"column":0},"end":{"line":215,"column":54}}},"fnMap":{"0":{"name":"(anonymous_0)","decl":{"start":{"line":191,"column":46},"end":{"line":191,"column":47}},"loc":{"start":{"line":191,"column":57},"end":{"line":197,"column":1}},"line":191},"1":{"name":"(anonymous_1)","decl":{"start":{"line":196,"column":32},"end":{"line":196,"column":33}},"loc":{"start":{"line":196,"column":37},"end":{"line":196,"column":57}},"line":196},"2":{"name":"(anonymous_2)","decl":{"start":{"line":200,"column":38},"end":{"line":200,"column":39}},"loc":{"start":{"line":200,"column":49},"end":{"line":203,"column":1}},"line":200},"3":{"name":"(anonymous_3)","decl":{"start":{"line":201,"column":71},"end":{"line":201,"column":72}},"loc":{"start":{"line":201,"column":76},"end":{"line":201,"column":96}},"line":201},"4":{"name":"(anonymous_4)","decl":{"start":{"line":206,"column":50},"end":{"line":206,"column":51}},"loc":{"start":{"line":206,"column":61},"end":{"line":209,"column":1}},"line":206},"5":{"name":"(anonymous_5)","decl":{"start":{"line":208,"column":35},"end":{"line":208,"column":36}},"loc":{"start":{"line":208,"column":40},"end":{"line":208,"column":62}},"line":208}},"branchMap":{"0":{"loc":{"start":{"line":193,"column":2},"end":{"line":195,"column":3}},"type":"if","locations":[{"start":{"line":193,"column":2},"end":{"line":195,"column":3}},{"start":{},"end":{}}],"line":193},"1":{"loc":{"start":{"line":193,"column":6},"end":{"line":193,"column":55}},"type":"binary-expr","locations":[{"start":{"line":193,"column":6},"end":{"line":193,"column":23}},{"start":{"line":193,"column":27},"end":{"line":193,"column":55}}],"line":193},"2":{"loc":{"start":{"line":201,"column":19},"end":{"line":201,"column":104}},"type":"binary-expr","locations":[{"start":{"line":201,"column":19},"end":{"line":201,"column":44}},{"start":{"line":201,"column":48},"end":{"line":201,"column":104}}],"line":201},"3":{"loc":{"start":{"line":207,"column":2},"end":{"line":207,"column":36}},"type":"if","locations":[{"start":{"line":207,"column":2},"end":{"line":207,"column":36}},{"start":{},"end":{}}],"line":207}},"s":{"0":3,"1":3,"2":3,"3":3,"4":3,"5":3,"6":13,"7":0,"8":13,"9":0,"10":3,"11":13,"12":0,"13":13,"14":3,"15":13,"16":0,"17":13,"18":0,"19":3,"20":3,"21":3},"f":{"0":13,"1":0,"2":13,"3":0,"4":13,"5":0},"b":{"0":[0,13],"1":[13,13],"2":[13,13],"3":[0,13]},"_coverageSchema":"1a1c01bbd47fc00a2c39e90264f33305004495a9","hash":"ee73e35a9a91213ac93f53bd1d14d74b1b4597a4"}
,"/home/kenan/Capstone_Project_2/backend/models/field.js": {"path":"/home/kenan/Capstone_Project_2/backend/models/field.js","statementMap":{"0":{"start":{"line":1,"column":17},"end":{"line":1,"column":36}},"1":{"start":{"line":3,"column":23},"end":{"line":17,"column":18}},"2":{"start":{"line":19,"column":20},"end":{"line":119,"column":2}},"3":{"start":{"line":122,"column":0},"end":{"line":122,"column":41}},"4":{"start":{"line":123,"column":0},"end":{"line":123,"column":46}},"5":{"start":{"line":124,"column":0},"end":{"line":124,"column":57}},"6":{"start":{"line":125,"column":0},"end":{"line":125,"column":57}},"7":{"start":{"line":127,"column":0},"end":{"line":127,"column":54}}},"fnMap":{},"branchMap":{},"s":{"0":3,"1":3,"2":3,"3":3,"4":3,"5":3,"6":3,"7":3},"f":{},"b":{},"_coverageSchema":"1a1c01bbd47fc00a2c39e90264f33305004495a9","hash":"30e0c93445041213409b1156329ee76735fcdb78"}
,"/home/kenan/Capstone_Project_2/backend/models/message.js": {"path":"/home/kenan/Capstone_Project_2/backend/models/message.js","statementMap":{"0":{"start":{"line":1,"column":17},"end":{"line":1,"column":36}},"1":{"start":{"line":3,"column":22},"end":{"line":45,"column":2}},"2":{"start":{"line":48,"column":0},"end":{"line":48,"column":57}},"3":{"start":{"line":49,"column":0},"end":{"line":49,"column":35}},"4":{"start":{"line":51,"column":0},"end":{"line":51,"column":58}}},"fnMap":{},"branchMap":{},"s":{"0":3,"1":3,"2":3,"3":3,"4":3},"f":{},"b":{},"_coverageSchema":"1a1c01bbd47fc00a2c39e90264f33305004495a9","hash":"9168c242336197ffaa63ac9c0e5e9a5e384ed710"}
,"/home/kenan/Capstone_Project_2/backend/models/notification.js": {"path":"/home/kenan/Capstone_Project_2/backend/models/notification.js","statementMap":{"0":{"start":{"line":1,"column":17},"end":{"line":1,"column":36}},"1":{"start":{"line":3,"column":27},"end":{"line":60,"column":2}},"2":{"start":{"line":63,"column":0},"end":{"line":63,"column":63}},"3":{"start":{"line":64,"column":0},"end":{"line":64,"column":54}},"4":{"start":{"line":67,"column":0},"end":{"line":76,"column":2}},"5":{"start":{"line":68,"column":24},"end":{"line":71,"column":18}},"6":{"start":{"line":73,"column":2},"end":{"line":75,"column":3}},"7":{"start":{"line":74,"column":4},"end":{"line":74,"column":75}},"8":{"start":{"line":74,"column":63},"end":{"line":74,"column":68}},"9":{"start":{"line":78,"column":0},"end":{"line":78,"column":68}}},"fnMap":{"0":{"name":"(anonymous_0)","decl":{"start":{"line":67,"column":53},"end":{"line":67,"column":54}},"loc":{"start":{"line":67,"column":76},"end":{"line":76,"column":1}},"line":67},"1":{"name":"(anonymous_1)","decl":{"start":{"line":74,"column":58},"end":{"line":74,"column":59}},"loc":{"start":{"line":74,"column":63},"end":{"line":74,"column":68}},"line":74}},"branchMap":{"0":{"loc":{"start":{"line":73,"column":2},"end":{"line":75,"column":3}},"type":"if","locations":[{"start":{"line":73,"column":2},"end":{"line":75,"column":3}},{"start":{},"end":{}}],"line":73}},"s":{"0":3,"1":3,"2":3,"3":3,"4":3,"5":0,"6":0,"7":0,"8":0,"9":3},"f":{"0":0,"1":0},"b":{"0":[0,0]},"_coverageSchema":"1a1c01bbd47fc00a2c39e90264f33305004495a9","hash":"b2a1798eef34b8a07de4a3ccb6f4b2a117ffb402"}
,"/home/kenan/Capstone_Project_2/backend/models/teams.js": {"path":"/home/kenan/Capstone_Project_2/backend/models/teams.js","statementMap":{"0":{"start":{"line":1,"column":17},"end":{"line":1,"column":36}},"1":{"start":{"line":3,"column":25},"end":{"line":18,"column":18}},"2":{"start":{"line":20,"column":19},"end":{"line":139,"column":2}},"3":{"start":{"line":142,"column":0},"end":{"line":142,"column":79}},"4":{"start":{"line":145,"column":0},"end":{"line":150,"column":3}},"5":{"start":{"line":146,"column":2},"end":{"line":148,"column":3}},"6":{"start":{"line":147,"column":4},"end":{"line":147,"column":13}},"7":{"start":{"line":149,"column":2},"end":{"line":149,"column":29}},"8":{"start":{"line":153,"column":0},"end":{"line":153,"column":45}},"9":{"start":{"line":154,"column":0},"end":{"line":154,"column":47}},"10":{"start":{"line":156,"column":0},"end":{"line":156,"column":52}}},"fnMap":{"0":{"name":"(anonymous_0)","decl":{"start":{"line":145,"column":39},"end":{"line":145,"column":40}},"loc":{"start":{"line":145,"column":50},"end":{"line":150,"column":1}},"line":145}},"branchMap":{"0":{"loc":{"start":{"line":146,"column":2},"end":{"line":148,"column":3}},"type":"if","locations":[{"start":{"line":146,"column":2},"end":{"line":148,"column":3}},{"start":{},"end":{}}],"line":146},"1":{"loc":{"start":{"line":146,"column":6},"end":{"line":146,"column":51}},"type":"binary-expr","locations":[{"start":{"line":146,"column":6},"end":{"line":146,"column":19}},{"start":{"line":146,"column":23},"end":{"line":146,"column":51}}],"line":146}},"s":{"0":3,"1":3,"2":3,"3":3,"4":3,"5":0,"6":0,"7":0,"8":3,"9":3,"10":3},"f":{"0":0},"b":{"0":[0,0],"1":[0,0]},"_coverageSchema":"1a1c01bbd47fc00a2c39e90264f33305004495a9","hash":"55a2af1b71fac1558caa3e3327c506770219e295"}
,"/home/kenan/Capstone_Project_2/backend/models/user.js": {"path":"/home/kenan/Capstone_Project_2/backend/models/user.js","statementMap":{"0":{"start":{"line":1,"column":17},"end":{"line":1,"column":36}},"1":{"start":{"line":2,"column":15},"end":{"line":2,"column":32}},"2":{"start":{"line":4,"column":19},"end":{"line":168,"column":2}},"3":{"start":{"line":171,"column":0},"end":{"line":171,"column":78}},"4":{"start":{"line":174,"column":0},"end":{"line":186,"column":3}},"5":{"start":{"line":175,"column":2},"end":{"line":177,"column":3}},"6":{"start":{"line":176,"column":4},"end":{"line":176,"column":18}},"7":{"start":{"line":179,"column":2},"end":{"line":185,"column":3}},"8":{"start":{"line":180,"column":17},"end":{"line":180,"column":41}},"9":{"start":{"line":181,"column":4},"end":{"line":181,"column":59}},"10":{"start":{"line":182,"column":4},"end":{"line":182,"column":11}},"11":{"start":{"line":184,"column":4},"end":{"line":184,"column":16}},"12":{"start":{"line":189,"column":0},"end":{"line":191,"column":2}},"13":{"start":{"line":190,"column":2},"end":{"line":190,"column":49}},"14":{"start":{"line":194,"column":0},"end":{"line":196,"column":3}},"15":{"start":{"line":195,"column":2},"end":{"line":195,"column":48}},"16":{"start":{"line":199,"column":0},"end":{"line":199,"column":45}},"17":{"start":{"line":200,"column":0},"end":{"line":200,"column":47}},"18":{"start":{"line":202,"column":0},"end":{"line":202,"column":52}}},"fnMap":{"0":{"name":"(anonymous_0)","decl":{"start":{"line":174,"column":23},"end":{"line":174,"column":24}},"loc":{"start":{"line":174,"column":44},"end":{"line":186,"column":1}},"line":174},"1":{"name":"(anonymous_1)","decl":{"start":{"line":189,"column":37},"end":{"line":189,"column":38}},"loc":{"start":{"line":189,"column":62},"end":{"line":191,"column":1}},"line":189},"2":{"name":"(anonymous_2)","decl":{"start":{"line":194,"column":36},"end":{"line":194,"column":37}},"loc":{"start":{"line":194,"column":47},"end":{"line":196,"column":1}},"line":194}},"branchMap":{"0":{"loc":{"start":{"line":175,"column":2},"end":{"line":177,"column":3}},"type":"if","locations":[{"start":{"line":175,"column":2},"end":{"line":177,"column":3}},{"start":{},"end":{}}],"line":175}},"s":{"0":3,"1":3,"2":3,"3":3,"4":3,"5":107,"6":0,"7":107,"8":107,"9":107,"10":107,"11":0,"12":3,"13":0,"14":3,"15":38,"16":3,"17":3,"18":3},"f":{"0":107,"1":0,"2":38},"b":{"0":[0,107]},"_coverageSchema":"1a1c01bbd47fc00a2c39e90264f33305004495a9","hash":"13071b05946d248d9fa31a088bae9edd8f433baa"}
,"/home/kenan/Capstone_Project_2/backend/routes/adminRoutes.js": {"path":"/home/kenan/Capstone_Project_2/backend/routes/adminRoutes.js","statementMap":{"0":{"start":{"line":1,"column":16},"end":{"line":1,"column":34}},"1":{"start":{"line":2,"column":14},"end":{"line":2,"column":41}},"2":{"start":{"line":3,"column":13},"end":{"line":3,"column":39}},"3":{"start":{"line":4,"column":13},"end":{"line":4,"column":38}},"4":{"start":{"line":5,"column":19},"end":{"line":5,"column":50}},"5":{"start":{"line":6,"column":21},"end":{"line":6,"column":54}},"6":{"start":{"line":7,"column":31},"end":{"line":7,"column":60}},"7":{"start":{"line":9,"column":15},"end":{"line":9,"column":31}},"8":{"start":{"line":12,"column":0},"end":{"line":12,"column":20}},"9":{"start":{"line":13,"column":0},"end":{"line":13,"column":31}},"10":{"start":{"line":20,"column":0},"end":{"line":54,"column":3}},"11":{"start":{"line":21,"column":2},"end":{"line":53,"column":3}},"12":{"start":{"line":31,"column":8},"end":{"line":40,"column":6}},"13":{"start":{"line":42,"column":4},"end":{"line":50,"column":7}},"14":{"start":{"line":52,"column":4},"end":{"line":52,"column":16}},"15":{"start":{"line":61,"column":0},"end":{"line":75,"column":3}},"16":{"start":{"line":62,"column":2},"end":{"line":74,"column":3}},"17":{"start":{"line":63,"column":19},"end":{"line":66,"column":31}},"18":{"start":{"line":68,"column":4},"end":{"line":71,"column":7}},"19":{"start":{"line":73,"column":4},"end":{"line":73,"column":16}},"20":{"start":{"line":80,"column":0},"end":{"line":114,"column":3}},"21":{"start":{"line":81,"column":2},"end":{"line":113,"column":3}},"22":{"start":{"line":82,"column":18},"end":{"line":82,"column":53}},"23":{"start":{"line":84,"column":4},"end":{"line":89,"column":5}},"24":{"start":{"line":85,"column":6},"end":{"line":88,"column":9}},"25":{"start":{"line":91,"column":4},"end":{"line":91,"column":39}},"26":{"start":{"line":92,"column":4},"end":{"line":92,"column":37}},"27":{"start":{"line":93,"column":4},"end":{"line":93,"column":35}},"28":{"start":{"line":94,"column":4},"end":{"line":94,"column":23}},"29":{"start":{"line":97,"column":4},"end":{"line":104,"column":7}},"30":{"start":{"line":106,"column":4},"end":{"line":110,"column":7}},"31":{"start":{"line":112,"column":4},"end":{"line":112,"column":16}},"32":{"start":{"line":119,"column":0},"end":{"line":161,"column":3}},"33":{"start":{"line":120,"column":2},"end":{"line":160,"column":3}},"34":{"start":{"line":121,"column":23},"end":{"line":121,"column":31}},"35":{"start":{"line":123,"column":4},"end":{"line":128,"column":5}},"36":{"start":{"line":124,"column":6},"end":{"line":127,"column":9}},"37":{"start":{"line":130,"column":18},"end":{"line":130,"column":53}},"38":{"start":{"line":132,"column":4},"end":{"line":137,"column":5}},"39":{"start":{"line":133,"column":6},"end":{"line":136,"column":9}},"40":{"start":{"line":139,"column":4},"end":{"line":139,"column":39}},"41":{"start":{"line":140,"column":4},"end":{"line":140,"column":36}},"42":{"start":{"line":141,"column":4},"end":{"line":141,"column":23}},"43":{"start":{"line":144,"column":4},"end":{"line":151,"column":7}},"44":{"start":{"line":153,"column":4},"end":{"line":157,"column":7}},"45":{"start":{"line":159,"column":4},"end":{"line":159,"column":16}},"46":{"start":{"line":168,"column":0},"end":{"line":181,"column":3}},"47":{"start":{"line":169,"column":2},"end":{"line":180,"column":3}},"48":{"start":{"line":170,"column":18},"end":{"line":172,"column":31}},"49":{"start":{"line":174,"column":4},"end":{"line":177,"column":7}},"50":{"start":{"line":179,"column":4},"end":{"line":179,"column":16}},"51":{"start":{"line":186,"column":0},"end":{"line":220,"column":3}},"52":{"start":{"line":187,"column":2},"end":{"line":219,"column":3}},"53":{"start":{"line":188,"column":17},"end":{"line":188,"column":51}},"54":{"start":{"line":190,"column":4},"end":{"line":195,"column":5}},"55":{"start":{"line":191,"column":6},"end":{"line":194,"column":9}},"56":{"start":{"line":197,"column":4},"end":{"line":197,"column":38}},"57":{"start":{"line":198,"column":4},"end":{"line":198,"column":36}},"58":{"start":{"line":199,"column":4},"end":{"line":199,"column":34}},"59":{"start":{"line":200,"column":4},"end":{"line":200,"column":22}},"60":{"start":{"line":203,"column":4},"end":{"line":210,"column":7}},"61":{"start":{"line":212,"column":4},"end":{"line":216,"column":7}},"62":{"start":{"line":218,"column":4},"end":{"line":218,"column":16}},"63":{"start":{"line":225,"column":0},"end":{"line":266,"column":3}},"64":{"start":{"line":226,"column":2},"end":{"line":265,"column":3}},"65":{"start":{"line":227,"column":23},"end":{"line":227,"column":31}},"66":{"start":{"line":229,"column":4},"end":{"line":234,"column":5}},"67":{"start":{"line":230,"column":6},"end":{"line":233,"column":9}},"68":{"start":{"line":236,"column":17},"end":{"line":236,"column":51}},"69":{"start":{"line":238,"column":4},"end":{"line":243,"column":5}},"70":{"start":{"line":239,"column":6},"end":{"line":242,"column":9}},"71":{"start":{"line":245,"column":4},"end":{"line":245,"column":38}},"72":{"start":{"line":246,"column":4},"end":{"line":246,"column":35}},"73":{"start":{"line":247,"column":4},"end":{"line":247,"column":22}},"74":{"start":{"line":250,"column":4},"end":{"line":256,"column":7}},"75":{"start":{"line":258,"column":4},"end":{"line":262,"column":7}},"76":{"start":{"line":264,"column":4},"end":{"line":264,"column":16}},"77":{"start":{"line":273,"column":0},"end":{"line":286,"column":3}},"78":{"start":{"line":274,"column":2},"end":{"line":285,"column":3}},"79":{"start":{"line":275,"column":24},"end":{"line":277,"column":31}},"80":{"start":{"line":279,"column":4},"end":{"line":282,"column":7}},"81":{"start":{"line":284,"column":4},"end":{"line":284,"column":16}},"82":{"start":{"line":291,"column":0},"end":{"line":325,"column":3}},"83":{"start":{"line":292,"column":2},"end":{"line":324,"column":3}},"84":{"start":{"line":293,"column":23},"end":{"line":293,"column":63}},"85":{"start":{"line":295,"column":4},"end":{"line":300,"column":5}},"86":{"start":{"line":296,"column":6},"end":{"line":299,"column":9}},"87":{"start":{"line":302,"column":4},"end":{"line":302,"column":44}},"88":{"start":{"line":303,"column":4},"end":{"line":303,"column":42}},"89":{"start":{"line":304,"column":4},"end":{"line":304,"column":40}},"90":{"start":{"line":305,"column":4},"end":{"line":305,"column":28}},"91":{"start":{"line":308,"column":4},"end":{"line":315,"column":7}},"92":{"start":{"line":317,"column":4},"end":{"line":321,"column":7}},"93":{"start":{"line":323,"column":4},"end":{"line":323,"column":16}},"94":{"start":{"line":330,"column":0},"end":{"line":372,"column":3}},"95":{"start":{"line":331,"column":2},"end":{"line":371,"column":3}},"96":{"start":{"line":332,"column":23},"end":{"line":332,"column":31}},"97":{"start":{"line":334,"column":4},"end":{"line":339,"column":5}},"98":{"start":{"line":335,"column":6},"end":{"line":338,"column":9}},"99":{"start":{"line":341,"column":23},"end":{"line":341,"column":63}},"100":{"start":{"line":343,"column":4},"end":{"line":348,"column":5}},"101":{"start":{"line":344,"column":6},"end":{"line":347,"column":9}},"102":{"start":{"line":350,"column":4},"end":{"line":350,"column":44}},"103":{"start":{"line":351,"column":4},"end":{"line":351,"column":41}},"104":{"start":{"line":352,"column":4},"end":{"line":352,"column":28}},"105":{"start":{"line":355,"column":4},"end":{"line":362,"column":7}},"106":{"start":{"line":364,"column":4},"end":{"line":368,"column":7}},"107":{"start":{"line":370,"column":4},"end":{"line":370,"column":16}},"108":{"start":{"line":379,"column":0},"end":{"line":419,"column":3}},"109":{"start":{"line":380,"column":2},"end":{"line":418,"column":3}},"110":{"start":{"line":381,"column":17},"end":{"line":381,"column":46}},"111":{"start":{"line":382,"column":18},"end":{"line":382,"column":49}},"112":{"start":{"line":383,"column":17},"end":{"line":383,"column":35}},"113":{"start":{"line":385,"column":19},"end":{"line":385,"column":21}},"114":{"start":{"line":387,"column":4},"end":{"line":389,"column":5}},"115":{"start":{"line":388,"column":6},"end":{"line":388,"column":57}},"116":{"start":{"line":391,"column":4},"end":{"line":393,"column":5}},"117":{"start":{"line":392,"column":6},"end":{"line":392,"column":69}},"118":{"start":{"line":395,"column":18},"end":{"line":400,"column":31}},"119":{"start":{"line":402,"column":18},"end":{"line":402,"column":51}},"120":{"start":{"line":404,"column":4},"end":{"line":415,"column":7}},"121":{"start":{"line":417,"column":4},"end":{"line":417,"column":16}},"122":{"start":{"line":424,"column":0},"end":{"line":461,"column":3}},"123":{"start":{"line":425,"column":2},"end":{"line":460,"column":3}},"124":{"start":{"line":426,"column":97},"end":{"line":426,"column":105}},"125":{"start":{"line":428,"column":17},"end":{"line":428,"column":51}},"126":{"start":{"line":430,"column":4},"end":{"line":435,"column":5}},"127":{"start":{"line":431,"column":6},"end":{"line":434,"column":9}},"128":{"start":{"line":438,"column":4},"end":{"line":438,"column":46}},"129":{"start":{"line":438,"column":19},"end":{"line":438,"column":46}},"130":{"start":{"line":439,"column":4},"end":{"line":439,"column":66}},"131":{"start":{"line":439,"column":35},"end":{"line":439,"column":66}},"132":{"start":{"line":440,"column":4},"end":{"line":440,"column":52}},"133":{"start":{"line":440,"column":21},"end":{"line":440,"column":52}},"134":{"start":{"line":441,"column":4},"end":{"line":441,"column":52}},"135":{"start":{"line":441,"column":21},"end":{"line":441,"column":52}},"136":{"start":{"line":442,"column":4},"end":{"line":442,"column":72}},"137":{"start":{"line":442,"column":37},"end":{"line":442,"column":72}},"138":{"start":{"line":443,"column":4},"end":{"line":449,"column":5}},"139":{"start":{"line":444,"column":6},"end":{"line":444,"column":45}},"140":{"start":{"line":445,"column":6},"end":{"line":448,"column":7}},"141":{"start":{"line":446,"column":8},"end":{"line":446,"column":40}},"142":{"start":{"line":447,"column":8},"end":{"line":447,"column":38}},"143":{"start":{"line":451,"column":4},"end":{"line":451,"column":22}},"144":{"start":{"line":453,"column":4},"end":{"line":457,"column":7}},"145":{"start":{"line":459,"column":4},"end":{"line":459,"column":16}},"146":{"start":{"line":466,"column":0},"end":{"line":492,"column":3}},"147":{"start":{"line":467,"column":2},"end":{"line":491,"column":3}},"148":{"start":{"line":468,"column":17},"end":{"line":468,"column":51}},"149":{"start":{"line":470,"column":4},"end":{"line":475,"column":5}},"150":{"start":{"line":471,"column":6},"end":{"line":474,"column":9}},"151":{"start":{"line":478,"column":4},"end":{"line":481,"column":6}},"152":{"start":{"line":483,"column":4},"end":{"line":483,"column":48}},"153":{"start":{"line":485,"column":4},"end":{"line":488,"column":7}},"154":{"start":{"line":490,"column":4},"end":{"line":490,"column":16}},"155":{"start":{"line":499,"column":0},"end":{"line":539,"column":3}},"156":{"start":{"line":500,"column":2},"end":{"line":538,"column":3}},"157":{"start":{"line":501,"column":17},"end":{"line":501,"column":46}},"158":{"start":{"line":502,"column":18},"end":{"line":502,"column":49}},"159":{"start":{"line":503,"column":17},"end":{"line":503,"column":35}},"160":{"start":{"line":505,"column":19},"end":{"line":505,"column":21}},"161":{"start":{"line":507,"column":4},"end":{"line":509,"column":5}},"162":{"start":{"line":508,"column":6},"end":{"line":508,"column":45}},"163":{"start":{"line":511,"column":4},"end":{"line":513,"column":5}},"164":{"start":{"line":512,"column":6},"end":{"line":512,"column":56}},"165":{"start":{"line":515,"column":18},"end":{"line":520,"column":31}},"166":{"start":{"line":522,"column":18},"end":{"line":522,"column":51}},"167":{"start":{"line":524,"column":4},"end":{"line":535,"column":7}},"168":{"start":{"line":537,"column":4},"end":{"line":537,"column":16}},"169":{"start":{"line":544,"column":0},"end":{"line":576,"column":3}},"170":{"start":{"line":545,"column":2},"end":{"line":575,"column":3}},"171":{"start":{"line":546,"column":26},"end":{"line":546,"column":34}},"172":{"start":{"line":548,"column":4},"end":{"line":553,"column":5}},"173":{"start":{"line":549,"column":6},"end":{"line":552,"column":9}},"174":{"start":{"line":555,"column":17},"end":{"line":559,"column":25}},"175":{"start":{"line":561,"column":4},"end":{"line":566,"column":5}},"176":{"start":{"line":562,"column":6},"end":{"line":565,"column":9}},"177":{"start":{"line":568,"column":4},"end":{"line":572,"column":7}},"178":{"start":{"line":574,"column":4},"end":{"line":574,"column":16}},"179":{"start":{"line":581,"column":0},"end":{"line":603,"column":3}},"180":{"start":{"line":582,"column":2},"end":{"line":602,"column":3}},"181":{"start":{"line":583,"column":17},"end":{"line":583,"column":51}},"182":{"start":{"line":585,"column":4},"end":{"line":590,"column":5}},"183":{"start":{"line":586,"column":6},"end":{"line":589,"column":9}},"184":{"start":{"line":592,"column":4},"end":{"line":592,"column":37}},"185":{"start":{"line":593,"column":4},"end":{"line":593,"column":22}},"186":{"start":{"line":595,"column":4},"end":{"line":599,"column":7}},"187":{"start":{"line":601,"column":4},"end":{"line":601,"column":16}},"188":{"start":{"line":605,"column":0},"end":{"line":605,"column":24}}},"fnMap":{"0":{"name":"(anonymous_0)","decl":{"start":{"line":20,"column":21},"end":{"line":20,"column":22}},"loc":{"start":{"line":20,"column":47},"end":{"line":54,"column":1}},"line":20},"1":{"name":"(anonymous_1)","decl":{"start":{"line":61,"column":30},"end":{"line":61,"column":31}},"loc":{"start":{"line":61,"column":56},"end":{"line":75,"column":1}},"line":61},"2":{"name":"(anonymous_2)","decl":{"start":{"line":80,"column":34},"end":{"line":80,"column":35}},"loc":{"start":{"line":80,"column":60},"end":{"line":114,"column":1}},"line":80},"3":{"name":"(anonymous_3)","decl":{"start":{"line":119,"column":33},"end":{"line":119,"column":34}},"loc":{"start":{"line":119,"column":59},"end":{"line":161,"column":1}},"line":119},"4":{"name":"(anonymous_4)","decl":{"start":{"line":168,"column":29},"end":{"line":168,"column":30}},"loc":{"start":{"line":168,"column":55},"end":{"line":181,"column":1}},"line":168},"5":{"name":"(anonymous_5)","decl":{"start":{"line":186,"column":33},"end":{"line":186,"column":34}},"loc":{"start":{"line":186,"column":59},"end":{"line":220,"column":1}},"line":186},"6":{"name":"(anonymous_6)","decl":{"start":{"line":225,"column":32},"end":{"line":225,"column":33}},"loc":{"start":{"line":225,"column":58},"end":{"line":266,"column":1}},"line":225},"7":{"name":"(anonymous_7)","decl":{"start":{"line":273,"column":35},"end":{"line":273,"column":36}},"loc":{"start":{"line":273,"column":61},"end":{"line":286,"column":1}},"line":273},"8":{"name":"(anonymous_8)","decl":{"start":{"line":291,"column":39},"end":{"line":291,"column":40}},"loc":{"start":{"line":291,"column":65},"end":{"line":325,"column":1}},"line":291},"9":{"name":"(anonymous_9)","decl":{"start":{"line":330,"column":38},"end":{"line":330,"column":39}},"loc":{"start":{"line":330,"column":64},"end":{"line":372,"column":1}},"line":330},"10":{"name":"(anonymous_10)","decl":{"start":{"line":379,"column":21},"end":{"line":379,"column":22}},"loc":{"start":{"line":379,"column":47},"end":{"line":419,"column":1}},"line":379},"11":{"name":"(anonymous_11)","decl":{"start":{"line":424,"column":25},"end":{"line":424,"column":26}},"loc":{"start":{"line":424,"column":51},"end":{"line":461,"column":1}},"line":424},"12":{"name":"(anonymous_12)","decl":{"start":{"line":466,"column":28},"end":{"line":466,"column":29}},"loc":{"start":{"line":466,"column":54},"end":{"line":492,"column":1}},"line":466},"13":{"name":"(anonymous_13)","decl":{"start":{"line":499,"column":21},"end":{"line":499,"column":22}},"loc":{"start":{"line":499,"column":47},"end":{"line":539,"column":1}},"line":499},"14":{"name":"(anonymous_14)","decl":{"start":{"line":544,"column":30},"end":{"line":544,"column":31}},"loc":{"start":{"line":544,"column":56},"end":{"line":576,"column":1}},"line":544},"15":{"name":"(anonymous_15)","decl":{"start":{"line":581,"column":29},"end":{"line":581,"column":30}},"loc":{"start":{"line":581,"column":55},"end":{"line":603,"column":1}},"line":581}},"branchMap":{"0":{"loc":{"start":{"line":84,"column":4},"end":{"line":89,"column":5}},"type":"if","locations":[{"start":{"line":84,"column":4},"end":{"line":89,"column":5}},{"start":{},"end":{}}],"line":84},"1":{"loc":{"start":{"line":123,"column":4},"end":{"line":128,"column":5}},"type":"if","locations":[{"start":{"line":123,"column":4},"end":{"line":128,"column":5}},{"start":{},"end":{}}],"line":123},"2":{"loc":{"start":{"line":132,"column":4},"end":{"line":137,"column":5}},"type":"if","locations":[{"start":{"line":132,"column":4},"end":{"line":137,"column":5}},{"start":{},"end":{}}],"line":132},"3":{"loc":{"start":{"line":190,"column":4},"end":{"line":195,"column":5}},"type":"if","locations":[{"start":{"line":190,"column":4},"end":{"line":195,"column":5}},{"start":{},"end":{}}],"line":190},"4":{"loc":{"start":{"line":229,"column":4},"end":{"line":234,"column":5}},"type":"if","locations":[{"start":{"line":229,"column":4},"end":{"line":234,"column":5}},{"start":{},"end":{}}],"line":229},"5":{"loc":{"start":{"line":238,"column":4},"end":{"line":243,"column":5}},"type":"if","locations":[{"start":{"line":238,"column":4},"end":{"line":243,"column":5}},{"start":{},"end":{}}],"line":238},"6":{"loc":{"start":{"line":295,"column":4},"end":{"line":300,"column":5}},"type":"if","locations":[{"start":{"line":295,"column":4},"end":{"line":300,"column":5}},{"start":{},"end":{}}],"line":295},"7":{"loc":{"start":{"line":334,"column":4},"end":{"line":339,"column":5}},"type":"if","locations":[{"start":{"line":334,"column":4},"end":{"line":339,"column":5}},{"start":{},"end":{}}],"line":334},"8":{"loc":{"start":{"line":343,"column":4},"end":{"line":348,"column":5}},"type":"if","locations":[{"start":{"line":343,"column":4},"end":{"line":348,"column":5}},{"start":{},"end":{}}],"line":343},"9":{"loc":{"start":{"line":381,"column":17},"end":{"line":381,"column":46}},"type":"binary-expr","locations":[{"start":{"line":381,"column":17},"end":{"line":381,"column":41}},{"start":{"line":381,"column":45},"end":{"line":381,"column":46}}],"line":381},"10":{"loc":{"start":{"line":382,"column":18},"end":{"line":382,"column":49}},"type":"binary-expr","locations":[{"start":{"line":382,"column":18},"end":{"line":382,"column":43}},{"start":{"line":382,"column":47},"end":{"line":382,"column":49}}],"line":382},"11":{"loc":{"start":{"line":387,"column":4},"end":{"line":389,"column":5}},"type":"if","locations":[{"start":{"line":387,"column":4},"end":{"line":389,"column":5}},{"start":{},"end":{}}],"line":387},"12":{"loc":{"start":{"line":391,"column":4},"end":{"line":393,"column":5}},"type":"if","locations":[{"start":{"line":391,"column":4},"end":{"line":393,"column":5}},{"start":{},"end":{}}],"line":391},"13":{"loc":{"start":{"line":430,"column":4},"end":{"line":435,"column":5}},"type":"if","locations":[{"start":{"line":430,"column":4},"end":{"line":435,"column":5}},{"start":{},"end":{}}],"line":430},"14":{"loc":{"start":{"line":438,"column":4},"end":{"line":438,"column":46}},"type":"if","locations":[{"start":{"line":438,"column":4},"end":{"line":438,"column":46}},{"start":{},"end":{}}],"line":438},"15":{"loc":{"start":{"line":439,"column":4},"end":{"line":439,"column":66}},"type":"if","locations":[{"start":{"line":439,"column":4},"end":{"line":439,"column":66}},{"start":{},"end":{}}],"line":439},"16":{"loc":{"start":{"line":440,"column":4},"end":{"line":440,"column":52}},"type":"if","locations":[{"start":{"line":440,"column":4},"end":{"line":440,"column":52}},{"start":{},"end":{}}],"line":440},"17":{"loc":{"start":{"line":441,"column":4},"end":{"line":441,"column":52}},"type":"if","locations":[{"start":{"line":441,"column":4},"end":{"line":441,"column":52}},{"start":{},"end":{}}],"line":441},"18":{"loc":{"start":{"line":442,"column":4},"end":{"line":442,"column":72}},"type":"if","locations":[{"start":{"line":442,"column":4},"end":{"line":442,"column":72}},{"start":{},"end":{}}],"line":442},"19":{"loc":{"start":{"line":443,"column":4},"end":{"line":449,"column":5}},"type":"if","locations":[{"start":{"line":443,"column":4},"end":{"line":449,"column":5}},{"start":{},"end":{}}],"line":443},"20":{"loc":{"start":{"line":445,"column":6},"end":{"line":448,"column":7}},"type":"if","locations":[{"start":{"line":445,"column":6},"end":{"line":448,"column":7}},{"start":{},"end":{}}],"line":445},"21":{"loc":{"start":{"line":470,"column":4},"end":{"line":475,"column":5}},"type":"if","locations":[{"start":{"line":470,"column":4},"end":{"line":475,"column":5}},{"start":{},"end":{}}],"line":470},"22":{"loc":{"start":{"line":501,"column":17},"end":{"line":501,"column":46}},"type":"binary-expr","locations":[{"start":{"line":501,"column":17},"end":{"line":501,"column":41}},{"start":{"line":501,"column":45},"end":{"line":501,"column":46}}],"line":501},"23":{"loc":{"start":{"line":502,"column":18},"end":{"line":502,"column":49}},"type":"binary-expr","locations":[{"start":{"line":502,"column":18},"end":{"line":502,"column":43}},{"start":{"line":502,"column":47},"end":{"line":502,"column":49}}],"line":502},"24":{"loc":{"start":{"line":507,"column":4},"end":{"line":509,"column":5}},"type":"if","locations":[{"start":{"line":507,"column":4},"end":{"line":509,"column":5}},{"start":{},"end":{}}],"line":507},"25":{"loc":{"start":{"line":511,"column":4},"end":{"line":513,"column":5}},"type":"if","locations":[{"start":{"line":511,"column":4},"end":{"line":513,"column":5}},{"start":{},"end":{}}],"line":511},"26":{"loc":{"start":{"line":548,"column":4},"end":{"line":553,"column":5}},"type":"if","locations":[{"start":{"line":548,"column":4},"end":{"line":553,"column":5}},{"start":{},"end":{}}],"line":548},"27":{"loc":{"start":{"line":561,"column":4},"end":{"line":566,"column":5}},"type":"if","locations":[{"start":{"line":561,"column":4},"end":{"line":566,"column":5}},{"start":{},"end":{}}],"line":561},"28":{"loc":{"start":{"line":585,"column":4},"end":{"line":590,"column":5}},"type":"if","locations":[{"start":{"line":585,"column":4},"end":{"line":590,"column":5}},{"start":{},"end":{}}],"line":585},"29":{"loc":{"start":{"line":597,"column":15},"end":{"line":597,"column":63}},"type":"cond-expr","locations":[{"start":{"line":597,"column":32},"end":{"line":597,"column":47}},{"start":{"line":597,"column":50},"end":{"line":597,"column":63}}],"line":597}},"s":{"0":3,"1":3,"2":3,"3":3,"4":3,"5":3,"6":3,"7":3,"8":3,"9":3,"10":3,"11":0,"12":0,"13":0,"14":0,"15":3,"16":0,"17":0,"18":0,"19":0,"20":3,"21":0,"22":0,"23":0,"24":0,"25":0,"26":0,"27":0,"28":0,"29":0,"30":0,"31":0,"32":3,"33":0,"34":0,"35":0,"36":0,"37":0,"38":0,"39":0,"40":0,"41":0,"42":0,"43":0,"44":0,"45":0,"46":3,"47":0,"48":0,"49":0,"50":0,"51":3,"52":0,"53":0,"54":0,"55":0,"56":0,"57":0,"58":0,"59":0,"60":0,"61":0,"62":0,"63":3,"64":0,"65":0,"66":0,"67":0,"68":0,"69":0,"70":0,"71":0,"72":0,"73":0,"74":0,"75":0,"76":0,"77":3,"78":0,"79":0,"80":0,"81":0,"82":3,"83":0,"84":0,"85":0,"86":0,"87":0,"88":0,"89":0,"90":0,"91":0,"92":0,"93":0,"94":3,"95":0,"96":0,"97":0,"98":0,"99":0,"100":0,"101":0,"102":0,"103":0,"104":0,"105":0,"106":0,"107":0,"108":3,"109":0,"110":0,"111":0,"112":0,"113":0,"114":0,"115":0,"116":0,"117":0,"118":0,"119":0,"120":0,"121":0,"122":3,"123":0,"124":0,"125":0,"126":0,"127":0,"128":0,"129":0,"130":0,"131":0,"132":0,"133":0,"134":0,"135":0,"136":0,"137":0,"138":0,"139":0,"140":0,"141":0,"142":0,"143":0,"144":0,"145":0,"146":3,"147":0,"148":0,"149":0,"150":0,"151":0,"152":0,"153":0,"154":0,"155":3,"156":0,"157":0,"158":0,"159":0,"160":0,"161":0,"162":0,"163":0,"164":0,"165":0,"166":0,"167":0,"168":0,"169":3,"170":0,"171":0,"172":0,"173":0,"174":0,"175":0,"176":0,"177":0,"178":0,"179":3,"180":0,"181":0,"182":0,"183":0,"184":0,"185":0,"186":0,"187":0,"188":3},"f":{"0":0,"1":0,"2":0,"3":0,"4":0,"5":0,"6":0,"7":0,"8":0,"9":0,"10":0,"11":0,"12":0,"13":0,"14":0,"15":0},"b":{"0":[0,0],"1":[0,0],"2":[0,0],"3":[0,0],"4":[0,0],"5":[0,0],"6":[0,0],"7":[0,0],"8":[0,0],"9":[0,0],"10":[0,0],"11":[0,0],"12":[0,0],"13":[0,0],"14":[0,0],"15":[0,0],"16":[0,0],"17":[0,0],"18":[0,0],"19":[0,0],"20":[0,0],"21":[0,0],"22":[0,0],"23":[0,0],"24":[0,0],"25":[0,0],"26":[0,0],"27":[0,0],"28":[0,0],"29":[0,0]},"_coverageSchema":"1a1c01bbd47fc00a2c39e90264f33305004495a9","hash":"b060bfde549e2e9bd11e84ded1e14dbbbabbf54d"}
,"/home/kenan/Capstone_Project_2/backend/routes/authRoutes.js": {"path":"/home/kenan/Capstone_Project_2/backend/routes/authRoutes.js","statementMap":{"0":{"start":{"line":1,"column":16},"end":{"line":1,"column":34}},"1":{"start":{"line":2,"column":12},"end":{"line":2,"column":35}},"2":{"start":{"line":3,"column":13},"end":{"line":3,"column":38}},"3":{"start":{"line":4,"column":20},"end":{"line":4,"column":49}},"4":{"start":{"line":5,"column":48},"end":{"line":5,"column":83}},"5":{"start":{"line":7,"column":15},"end":{"line":7,"column":31}},"6":{"start":{"line":10,"column":22},"end":{"line":14,"column":1}},"7":{"start":{"line":11,"column":2},"end":{"line":13,"column":5}},"8":{"start":{"line":17,"column":22},"end":{"line":22,"column":1}},"9":{"start":{"line":27,"column":0},"end":{"line":101,"column":3}},"10":{"start":{"line":28,"column":2},"end":{"line":100,"column":3}},"11":{"start":{"line":29,"column":91},"end":{"line":29,"column":99}},"12":{"start":{"line":32,"column":25},"end":{"line":32,"column":79}},"13":{"start":{"line":33,"column":4},"end":{"line":39,"column":5}},"14":{"start":{"line":34,"column":20},"end":{"line":34,"column":71}},"15":{"start":{"line":35,"column":6},"end":{"line":38,"column":9}},"16":{"start":{"line":42,"column":4},"end":{"line":47,"column":5}},"17":{"start":{"line":43,"column":6},"end":{"line":46,"column":9}},"18":{"start":{"line":49,"column":22},"end":{"line":49,"column":45}},"19":{"start":{"line":50,"column":18},"end":{"line":50,"column":28}},"20":{"start":{"line":51,"column":16},"end":{"line":51,"column":61}},"21":{"start":{"line":53,"column":4},"end":{"line":58,"column":5}},"22":{"start":{"line":54,"column":6},"end":{"line":57,"column":9}},"23":{"start":{"line":61,"column":17},"end":{"line":69,"column":6}},"24":{"start":{"line":77,"column":18},"end":{"line":77,"column":41}},"25":{"start":{"line":80,"column":4},"end":{"line":80,"column":46}},"26":{"start":{"line":82,"column":4},"end":{"line":97,"column":7}},"27":{"start":{"line":99,"column":4},"end":{"line":99,"column":16}},"28":{"start":{"line":106,"column":0},"end":{"line":168,"column":3}},"29":{"start":{"line":107,"column":2},"end":{"line":167,"column":3}},"30":{"start":{"line":108,"column":32},"end":{"line":108,"column":40}},"31":{"start":{"line":111,"column":17},"end":{"line":111,"column":66}},"32":{"start":{"line":113,"column":4},"end":{"line":118,"column":5}},"33":{"start":{"line":114,"column":6},"end":{"line":117,"column":9}},"34":{"start":{"line":121,"column":20},"end":{"line":121,"column":56}},"35":{"start":{"line":123,"column":4},"end":{"line":128,"column":5}},"36":{"start":{"line":124,"column":6},"end":{"line":127,"column":9}},"37":{"start":{"line":130,"column":4},"end":{"line":135,"column":5}},"38":{"start":{"line":131,"column":6},"end":{"line":134,"column":9}},"39":{"start":{"line":138,"column":4},"end":{"line":138,"column":26}},"40":{"start":{"line":139,"column":4},"end":{"line":139,"column":34}},"41":{"start":{"line":140,"column":4},"end":{"line":140,"column":51}},"42":{"start":{"line":143,"column":18},"end":{"line":143,"column":41}},"43":{"start":{"line":146,"column":4},"end":{"line":146,"column":46}},"44":{"start":{"line":148,"column":4},"end":{"line":164,"column":7}},"45":{"start":{"line":166,"column":4},"end":{"line":166,"column":16}},"46":{"start":{"line":173,"column":0},"end":{"line":193,"column":3}},"47":{"start":{"line":174,"column":2},"end":{"line":182,"column":3}},"48":{"start":{"line":176,"column":4},"end":{"line":179,"column":7}},"49":{"start":{"line":181,"column":4},"end":{"line":181,"column":58}},"50":{"start":{"line":184,"column":2},"end":{"line":187,"column":5}},"51":{"start":{"line":189,"column":2},"end":{"line":192,"column":5}},"52":{"start":{"line":198,"column":0},"end":{"line":215,"column":3}},"53":{"start":{"line":199,"column":2},"end":{"line":214,"column":3}},"54":{"start":{"line":200,"column":17},"end":{"line":200,"column":85}},"55":{"start":{"line":203,"column":4},"end":{"line":206,"column":7}},"56":{"start":{"line":208,"column":4},"end":{"line":211,"column":7}},"57":{"start":{"line":213,"column":4},"end":{"line":213,"column":16}},"58":{"start":{"line":220,"column":0},"end":{"line":231,"column":3}},"59":{"start":{"line":221,"column":2},"end":{"line":230,"column":3}},"60":{"start":{"line":222,"column":4},"end":{"line":225,"column":7}},"61":{"start":{"line":227,"column":4},"end":{"line":227,"column":32}},"62":{"start":{"line":229,"column":4},"end":{"line":229,"column":45}},"63":{"start":{"line":236,"column":0},"end":{"line":256,"column":3}},"64":{"start":{"line":237,"column":2},"end":{"line":255,"column":3}},"65":{"start":{"line":238,"column":22},"end":{"line":238,"column":31}},"66":{"start":{"line":240,"column":4},"end":{"line":245,"column":5}},"67":{"start":{"line":241,"column":6},"end":{"line":244,"column":9}},"68":{"start":{"line":247,"column":19},"end":{"line":247,"column":69}},"69":{"start":{"line":249,"column":4},"end":{"line":252,"column":7}},"70":{"start":{"line":254,"column":4},"end":{"line":254,"column":16}},"71":{"start":{"line":261,"column":0},"end":{"line":281,"column":3}},"72":{"start":{"line":262,"column":2},"end":{"line":280,"column":3}},"73":{"start":{"line":263,"column":25},"end":{"line":263,"column":34}},"74":{"start":{"line":265,"column":4},"end":{"line":270,"column":5}},"75":{"start":{"line":266,"column":6},"end":{"line":269,"column":9}},"76":{"start":{"line":272,"column":19},"end":{"line":272,"column":51}},"77":{"start":{"line":274,"column":4},"end":{"line":277,"column":7}},"78":{"start":{"line":279,"column":4},"end":{"line":279,"column":16}},"79":{"start":{"line":286,"column":0},"end":{"line":325,"column":3}},"80":{"start":{"line":287,"column":2},"end":{"line":324,"column":3}},"81":{"start":{"line":288,"column":45},"end":{"line":288,"column":53}},"82":{"start":{"line":290,"column":4},"end":{"line":295,"column":5}},"83":{"start":{"line":291,"column":6},"end":{"line":294,"column":9}},"84":{"start":{"line":297,"column":4},"end":{"line":302,"column":5}},"85":{"start":{"line":298,"column":6},"end":{"line":301,"column":9}},"86":{"start":{"line":304,"column":17},"end":{"line":304,"column":70}},"87":{"start":{"line":306,"column":20},"end":{"line":306,"column":63}},"88":{"start":{"line":308,"column":4},"end":{"line":313,"column":5}},"89":{"start":{"line":309,"column":6},"end":{"line":312,"column":9}},"90":{"start":{"line":315,"column":4},"end":{"line":315,"column":32}},"91":{"start":{"line":316,"column":4},"end":{"line":316,"column":22}},"92":{"start":{"line":318,"column":4},"end":{"line":321,"column":7}},"93":{"start":{"line":323,"column":4},"end":{"line":323,"column":16}},"94":{"start":{"line":349,"column":15},"end":{"line":349,"column":32}},"95":{"start":{"line":354,"column":0},"end":{"line":394,"column":3}},"96":{"start":{"line":355,"column":2},"end":{"line":393,"column":3}},"97":{"start":{"line":356,"column":17},"end":{"line":356,"column":50}},"98":{"start":{"line":358,"column":4},"end":{"line":363,"column":5}},"99":{"start":{"line":359,"column":6},"end":{"line":362,"column":9}},"100":{"start":{"line":366,"column":30},"end":{"line":366,"column":68}},"101":{"start":{"line":367,"column":24},"end":{"line":367,"column":91}},"102":{"start":{"line":370,"column":4},"end":{"line":370,"column":48}},"103":{"start":{"line":371,"column":4},"end":{"line":371,"column":71}},"104":{"start":{"line":372,"column":4},"end":{"line":372,"column":22}},"105":{"start":{"line":382,"column":4},"end":{"line":390,"column":7}},"106":{"start":{"line":392,"column":4},"end":{"line":392,"column":16}},"107":{"start":{"line":399,"column":0},"end":{"line":427,"column":3}},"108":{"start":{"line":400,"column":2},"end":{"line":426,"column":3}},"109":{"start":{"line":401,"column":24},"end":{"line":401,"column":90}},"110":{"start":{"line":403,"column":17},"end":{"line":406,"column":6}},"111":{"start":{"line":408,"column":4},"end":{"line":413,"column":5}},"112":{"start":{"line":409,"column":6},"end":{"line":412,"column":9}},"113":{"start":{"line":415,"column":4},"end":{"line":415,"column":31}},"114":{"start":{"line":416,"column":4},"end":{"line":416,"column":41}},"115":{"start":{"line":417,"column":4},"end":{"line":417,"column":43}},"116":{"start":{"line":418,"column":4},"end":{"line":418,"column":22}},"117":{"start":{"line":420,"column":4},"end":{"line":423,"column":7}},"118":{"start":{"line":425,"column":4},"end":{"line":425,"column":16}},"119":{"start":{"line":432,"column":0},"end":{"line":481,"column":3}},"120":{"start":{"line":433,"column":2},"end":{"line":480,"column":3}},"121":{"start":{"line":434,"column":22},"end":{"line":434,"column":30}},"122":{"start":{"line":436,"column":4},"end":{"line":441,"column":5}},"123":{"start":{"line":437,"column":6},"end":{"line":440,"column":9}},"124":{"start":{"line":443,"column":17},"end":{"line":443,"column":67}},"125":{"start":{"line":446,"column":4},"end":{"line":451,"column":5}},"126":{"start":{"line":447,"column":6},"end":{"line":450,"column":9}},"127":{"start":{"line":454,"column":23},"end":{"line":454,"column":61}},"128":{"start":{"line":455,"column":24},"end":{"line":455,"column":84}},"129":{"start":{"line":457,"column":4},"end":{"line":457,"column":44}},"130":{"start":{"line":458,"column":4},"end":{"line":458,"column":62}},"131":{"start":{"line":459,"column":4},"end":{"line":459,"column":22}},"132":{"start":{"line":469,"column":4},"end":{"line":477,"column":7}},"133":{"start":{"line":479,"column":4},"end":{"line":479,"column":16}},"134":{"start":{"line":486,"column":0},"end":{"line":523,"column":3}},"135":{"start":{"line":487,"column":2},"end":{"line":522,"column":3}},"136":{"start":{"line":488,"column":25},"end":{"line":488,"column":33}},"137":{"start":{"line":490,"column":4},"end":{"line":495,"column":5}},"138":{"start":{"line":491,"column":6},"end":{"line":494,"column":9}},"139":{"start":{"line":497,"column":24},"end":{"line":497,"column":90}},"140":{"start":{"line":499,"column":17},"end":{"line":502,"column":6}},"141":{"start":{"line":504,"column":4},"end":{"line":509,"column":5}},"142":{"start":{"line":505,"column":6},"end":{"line":508,"column":9}},"143":{"start":{"line":511,"column":4},"end":{"line":511,"column":29}},"144":{"start":{"line":512,"column":4},"end":{"line":512,"column":37}},"145":{"start":{"line":513,"column":4},"end":{"line":513,"column":39}},"146":{"start":{"line":514,"column":4},"end":{"line":514,"column":22}},"147":{"start":{"line":516,"column":4},"end":{"line":519,"column":7}},"148":{"start":{"line":521,"column":4},"end":{"line":521,"column":16}},"149":{"start":{"line":525,"column":0},"end":{"line":525,"column":24}}},"fnMap":{"0":{"name":"(anonymous_0)","decl":{"start":{"line":10,"column":22},"end":{"line":10,"column":23}},"loc":{"start":{"line":10,"column":30},"end":{"line":14,"column":1}},"line":10},"1":{"name":"(anonymous_1)","decl":{"start":{"line":27,"column":45},"end":{"line":27,"column":46}},"loc":{"start":{"line":27,"column":71},"end":{"line":101,"column":1}},"line":27},"2":{"name":"(anonymous_2)","decl":{"start":{"line":106,"column":39},"end":{"line":106,"column":40}},"loc":{"start":{"line":106,"column":65},"end":{"line":168,"column":1}},"line":106},"3":{"name":"(anonymous_3)","decl":{"start":{"line":173,"column":32},"end":{"line":173,"column":33}},"loc":{"start":{"line":173,"column":52},"end":{"line":193,"column":1}},"line":173},"4":{"name":"(anonymous_4)","decl":{"start":{"line":198,"column":27},"end":{"line":198,"column":28}},"loc":{"start":{"line":198,"column":53},"end":{"line":215,"column":1}},"line":198},"5":{"name":"(anonymous_5)","decl":{"start":{"line":220,"column":35},"end":{"line":220,"column":36}},"loc":{"start":{"line":220,"column":55},"end":{"line":231,"column":1}},"line":220},"6":{"name":"(anonymous_6)","decl":{"start":{"line":236,"column":27},"end":{"line":236,"column":28}},"loc":{"start":{"line":236,"column":53},"end":{"line":256,"column":1}},"line":236},"7":{"name":"(anonymous_7)","decl":{"start":{"line":261,"column":30},"end":{"line":261,"column":31}},"loc":{"start":{"line":261,"column":56},"end":{"line":281,"column":1}},"line":261},"8":{"name":"(anonymous_8)","decl":{"start":{"line":286,"column":40},"end":{"line":286,"column":41}},"loc":{"start":{"line":286,"column":66},"end":{"line":325,"column":1}},"line":286},"9":{"name":"(anonymous_9)","decl":{"start":{"line":354,"column":43},"end":{"line":354,"column":44}},"loc":{"start":{"line":354,"column":69},"end":{"line":394,"column":1}},"line":354},"10":{"name":"(anonymous_10)","decl":{"start":{"line":399,"column":35},"end":{"line":399,"column":36}},"loc":{"start":{"line":399,"column":61},"end":{"line":427,"column":1}},"line":399},"11":{"name":"(anonymous_11)","decl":{"start":{"line":432,"column":32},"end":{"line":432,"column":33}},"loc":{"start":{"line":432,"column":58},"end":{"line":481,"column":1}},"line":432},"12":{"name":"(anonymous_12)","decl":{"start":{"line":486,"column":38},"end":{"line":486,"column":39}},"loc":{"start":{"line":486,"column":64},"end":{"line":523,"column":1}},"line":486}},"branchMap":{"0":{"loc":{"start":{"line":12,"column":15},"end":{"line":12,"column":49}},"type":"binary-expr","locations":[{"start":{"line":12,"column":15},"end":{"line":12,"column":41}},{"start":{"line":12,"column":45},"end":{"line":12,"column":49}}],"line":12},"1":{"loc":{"start":{"line":20,"column":12},"end":{"line":20,"column":68}},"type":"cond-expr","locations":[{"start":{"line":20,"column":52},"end":{"line":20,"column":60}},{"start":{"line":20,"column":63},"end":{"line":20,"column":68}}],"line":20},"2":{"loc":{"start":{"line":33,"column":4},"end":{"line":39,"column":5}},"type":"if","locations":[{"start":{"line":33,"column":4},"end":{"line":39,"column":5}},{"start":{},"end":{}}],"line":33},"3":{"loc":{"start":{"line":34,"column":20},"end":{"line":34,"column":71}},"type":"cond-expr","locations":[{"start":{"line":34,"column":51},"end":{"line":34,"column":58}},{"start":{"line":34,"column":61},"end":{"line":34,"column":71}}],"line":34},"4":{"loc":{"start":{"line":42,"column":4},"end":{"line":47,"column":5}},"type":"if","locations":[{"start":{"line":42,"column":4},"end":{"line":47,"column":5}},{"start":{},"end":{}}],"line":42},"5":{"loc":{"start":{"line":53,"column":4},"end":{"line":58,"column":5}},"type":"if","locations":[{"start":{"line":53,"column":4},"end":{"line":58,"column":5}},{"start":{},"end":{}}],"line":53},"6":{"loc":{"start":{"line":53,"column":8},"end":{"line":53,"column":28}},"type":"binary-expr","locations":[{"start":{"line":53,"column":8},"end":{"line":53,"column":15}},{"start":{"line":53,"column":19},"end":{"line":53,"column":28}}],"line":53},"7":{"loc":{"start":{"line":68,"column":17},"end":{"line":68,"column":38}},"type":"binary-expr","locations":[{"start":{"line":68,"column":17},"end":{"line":68,"column":26}},{"start":{"line":68,"column":30},"end":{"line":68,"column":38}}],"line":68},"8":{"loc":{"start":{"line":113,"column":4},"end":{"line":118,"column":5}},"type":"if","locations":[{"start":{"line":113,"column":4},"end":{"line":118,"column":5}},{"start":{},"end":{}}],"line":113},"9":{"loc":{"start":{"line":123,"column":4},"end":{"line":128,"column":5}},"type":"if","locations":[{"start":{"line":123,"column":4},"end":{"line":128,"column":5}},{"start":{},"end":{}}],"line":123},"10":{"loc":{"start":{"line":130,"column":4},"end":{"line":135,"column":5}},"type":"if","locations":[{"start":{"line":130,"column":4},"end":{"line":135,"column":5}},{"start":{},"end":{}}],"line":130},"11":{"loc":{"start":{"line":240,"column":4},"end":{"line":245,"column":5}},"type":"if","locations":[{"start":{"line":240,"column":4},"end":{"line":245,"column":5}},{"start":{},"end":{}}],"line":240},"12":{"loc":{"start":{"line":265,"column":4},"end":{"line":270,"column":5}},"type":"if","locations":[{"start":{"line":265,"column":4},"end":{"line":270,"column":5}},{"start":{},"end":{}}],"line":265},"13":{"loc":{"start":{"line":290,"column":4},"end":{"line":295,"column":5}},"type":"if","locations":[{"start":{"line":290,"column":4},"end":{"line":295,"column":5}},{"start":{},"end":{}}],"line":290},"14":{"loc":{"start":{"line":290,"column":8},"end":{"line":290,"column":40}},"type":"binary-expr","locations":[{"start":{"line":290,"column":8},"end":{"line":290,"column":24}},{"start":{"line":290,"column":28},"end":{"line":290,"column":40}}],"line":290},"15":{"loc":{"start":{"line":297,"column":4},"end":{"line":302,"column":5}},"type":"if","locations":[{"start":{"line":297,"column":4},"end":{"line":302,"column":5}},{"start":{},"end":{}}],"line":297},"16":{"loc":{"start":{"line":308,"column":4},"end":{"line":313,"column":5}},"type":"if","locations":[{"start":{"line":308,"column":4},"end":{"line":313,"column":5}},{"start":{},"end":{}}],"line":308},"17":{"loc":{"start":{"line":358,"column":4},"end":{"line":363,"column":5}},"type":"if","locations":[{"start":{"line":358,"column":4},"end":{"line":363,"column":5}},{"start":{},"end":{}}],"line":358},"18":{"loc":{"start":{"line":408,"column":4},"end":{"line":413,"column":5}},"type":"if","locations":[{"start":{"line":408,"column":4},"end":{"line":413,"column":5}},{"start":{},"end":{}}],"line":408},"19":{"loc":{"start":{"line":436,"column":4},"end":{"line":441,"column":5}},"type":"if","locations":[{"start":{"line":436,"column":4},"end":{"line":441,"column":5}},{"start":{},"end":{}}],"line":436},"20":{"loc":{"start":{"line":446,"column":4},"end":{"line":451,"column":5}},"type":"if","locations":[{"start":{"line":446,"column":4},"end":{"line":451,"column":5}},{"start":{},"end":{}}],"line":446},"21":{"loc":{"start":{"line":490,"column":4},"end":{"line":495,"column":5}},"type":"if","locations":[{"start":{"line":490,"column":4},"end":{"line":495,"column":5}},{"start":{},"end":{}}],"line":490},"22":{"loc":{"start":{"line":490,"column":8},"end":{"line":490,"column":40}},"type":"binary-expr","locations":[{"start":{"line":490,"column":8},"end":{"line":490,"column":17}},{"start":{"line":490,"column":21},"end":{"line":490,"column":40}}],"line":490},"23":{"loc":{"start":{"line":504,"column":4},"end":{"line":509,"column":5}},"type":"if","locations":[{"start":{"line":504,"column":4},"end":{"line":509,"column":5}},{"start":{},"end":{}}],"line":504}},"s":{"0":3,"1":3,"2":3,"3":3,"4":3,"5":3,"6":3,"7":107,"8":3,"9":3,"10":107,"11":107,"12":107,"13":107,"14":0,"15":0,"16":107,"17":0,"18":107,"19":107,"20":107,"21":107,"22":0,"23":107,"24":107,"25":107,"26":107,"27":0,"28":3,"29":0,"30":0,"31":0,"32":0,"33":0,"34":0,"35":0,"36":0,"37":0,"38":0,"39":0,"40":0,"41":0,"42":0,"43":0,"44":0,"45":0,"46":3,"47":0,"48":0,"49":0,"50":0,"51":0,"52":3,"53":0,"54":0,"55":0,"56":0,"57":0,"58":3,"59":0,"60":0,"61":0,"62":0,"63":3,"64":0,"65":0,"66":0,"67":0,"68":0,"69":0,"70":0,"71":3,"72":0,"73":0,"74":0,"75":0,"76":0,"77":0,"78":0,"79":3,"80":0,"81":0,"82":0,"83":0,"84":0,"85":0,"86":0,"87":0,"88":0,"89":0,"90":0,"91":0,"92":0,"93":0,"94":3,"95":3,"96":0,"97":0,"98":0,"99":0,"100":0,"101":0,"102":0,"103":0,"104":0,"105":0,"106":0,"107":3,"108":0,"109":0,"110":0,"111":0,"112":0,"113":0,"114":0,"115":0,"116":0,"117":0,"118":0,"119":3,"120":0,"121":0,"122":0,"123":0,"124":0,"125":0,"126":0,"127":0,"128":0,"129":0,"130":0,"131":0,"132":0,"133":0,"134":3,"135":0,"136":0,"137":0,"138":0,"139":0,"140":0,"141":0,"142":0,"143":0,"144":0,"145":0,"146":0,"147":0,"148":0,"149":3},"f":{"0":107,"1":107,"2":0,"3":0,"4":0,"5":0,"6":0,"7":0,"8":0,"9":0,"10":0,"11":0,"12":0},"b":{"0":[107,0],"1":[0,3],"2":[0,107],"3":[0,0],"4":[0,107],"5":[0,107],"6":[107,107],"7":[107,0],"8":[0,0],"9":[0,0],"10":[0,0],"11":[0,0],"12":[0,0],"13":[0,0],"14":[0,0],"15":[0,0],"16":[0,0],"17":[0,0],"18":[0,0],"19":[0,0],"20":[0,0],"21":[0,0],"22":[0,0],"23":[0,0]},"_coverageSchema":"1a1c01bbd47fc00a2c39e90264f33305004495a9","hash":"47138508555200c41f62eb934f570b17d370e88f"}
,"/home/kenan/Capstone_Project_2/backend/routes/bookingRoutes.js": {"path":"/home/kenan/Capstone_Project_2/backend/routes/bookingRoutes.js","statementMap":{"0":{"start":{"line":1,"column":16},"end":{"line":1,"column":34}},"1":{"start":{"line":2,"column":16},"end":{"line":2,"column":44}},"2":{"start":{"line":3,"column":14},"end":{"line":3,"column":40}},"3":{"start":{"line":4,"column":20},"end":{"line":4,"column":49}},"4":{"start":{"line":5,"column":71},"end":{"line":5,"column":106}},"5":{"start":{"line":7,"column":15},"end":{"line":7,"column":31}},"6":{"start":{"line":12,"column":0},"end":{"line":54,"column":3}},"7":{"start":{"line":13,"column":2},"end":{"line":53,"column":3}},"8":{"start":{"line":14,"column":17},"end":{"line":14,"column":46}},"9":{"start":{"line":15,"column":18},"end":{"line":15,"column":49}},"10":{"start":{"line":16,"column":17},"end":{"line":16,"column":35}},"11":{"start":{"line":19,"column":19},"end":{"line":19,"column":41}},"12":{"start":{"line":21,"column":4},"end":{"line":23,"column":5}},"13":{"start":{"line":22,"column":6},"end":{"line":22,"column":39}},"14":{"start":{"line":25,"column":4},"end":{"line":28,"column":5}},"15":{"start":{"line":26,"column":6},"end":{"line":26,"column":41}},"16":{"start":{"line":27,"column":6},"end":{"line":27,"column":56}},"17":{"start":{"line":30,"column":21},"end":{"line":35,"column":25}},"18":{"start":{"line":37,"column":18},"end":{"line":37,"column":54}},"19":{"start":{"line":39,"column":4},"end":{"line":50,"column":7}},"20":{"start":{"line":52,"column":4},"end":{"line":52,"column":16}},"21":{"start":{"line":59,"column":0},"end":{"line":88,"column":3}},"22":{"start":{"line":60,"column":2},"end":{"line":87,"column":3}},"23":{"start":{"line":61,"column":20},"end":{"line":64,"column":41}},"24":{"start":{"line":66,"column":4},"end":{"line":71,"column":5}},"25":{"start":{"line":67,"column":6},"end":{"line":70,"column":9}},"26":{"start":{"line":74,"column":4},"end":{"line":79,"column":5}},"27":{"start":{"line":75,"column":6},"end":{"line":78,"column":9}},"28":{"start":{"line":81,"column":4},"end":{"line":84,"column":7}},"29":{"start":{"line":86,"column":4},"end":{"line":86,"column":16}},"30":{"start":{"line":93,"column":0},"end":{"line":167,"column":3}},"31":{"start":{"line":94,"column":2},"end":{"line":166,"column":3}},"32":{"start":{"line":95,"column":63},"end":{"line":95,"column":71}},"33":{"start":{"line":98,"column":21},"end":{"line":98,"column":48}},"34":{"start":{"line":99,"column":4},"end":{"line":104,"column":5}},"35":{"start":{"line":100,"column":6},"end":{"line":103,"column":9}},"36":{"start":{"line":107,"column":23},"end":{"line":107,"column":37}},"37":{"start":{"line":108,"column":4},"end":{"line":108,"column":36}},"38":{"start":{"line":109,"column":21},"end":{"line":109,"column":35}},"39":{"start":{"line":110,"column":4},"end":{"line":110,"column":39}},"40":{"start":{"line":112,"column":31},"end":{"line":119,"column":6}},"41":{"start":{"line":121,"column":4},"end":{"line":126,"column":5}},"42":{"start":{"line":122,"column":6},"end":{"line":125,"column":9}},"43":{"start":{"line":129,"column":22},"end":{"line":129,"column":98}},"44":{"start":{"line":130,"column":20},"end":{"line":130,"column":92}},"45":{"start":{"line":131,"column":27},"end":{"line":131,"column":46}},"46":{"start":{"line":133,"column":4},"end":{"line":138,"column":5}},"47":{"start":{"line":134,"column":6},"end":{"line":137,"column":9}},"48":{"start":{"line":140,"column":24},"end":{"line":140,"column":61}},"49":{"start":{"line":142,"column":20},"end":{"line":153,"column":6}},"50":{"start":{"line":155,"column":29},"end":{"line":157,"column":41}},"51":{"start":{"line":159,"column":4},"end":{"line":163,"column":7}},"52":{"start":{"line":165,"column":4},"end":{"line":165,"column":16}},"53":{"start":{"line":172,"column":0},"end":{"line":223,"column":3}},"54":{"start":{"line":173,"column":2},"end":{"line":222,"column":3}},"55":{"start":{"line":174,"column":18},"end":{"line":174,"column":55}},"56":{"start":{"line":176,"column":4},"end":{"line":181,"column":5}},"57":{"start":{"line":177,"column":6},"end":{"line":180,"column":9}},"58":{"start":{"line":184,"column":4},"end":{"line":189,"column":5}},"59":{"start":{"line":185,"column":6},"end":{"line":188,"column":9}},"60":{"start":{"line":192,"column":4},"end":{"line":197,"column":5}},"61":{"start":{"line":193,"column":6},"end":{"line":196,"column":9}},"62":{"start":{"line":199,"column":26},"end":{"line":199,"column":43}},"63":{"start":{"line":200,"column":20},"end":{"line":200,"column":22}},"64":{"start":{"line":201,"column":4},"end":{"line":205,"column":7}},"65":{"start":{"line":202,"column":6},"end":{"line":204,"column":7}},"66":{"start":{"line":203,"column":8},"end":{"line":203,"column":41}},"67":{"start":{"line":207,"column":4},"end":{"line":213,"column":42}},"68":{"start":{"line":215,"column":4},"end":{"line":219,"column":7}},"69":{"start":{"line":221,"column":4},"end":{"line":221,"column":16}},"70":{"start":{"line":228,"column":0},"end":{"line":256,"column":3}},"71":{"start":{"line":229,"column":2},"end":{"line":255,"column":3}},"72":{"start":{"line":230,"column":20},"end":{"line":230,"column":57}},"73":{"start":{"line":232,"column":4},"end":{"line":237,"column":5}},"74":{"start":{"line":233,"column":6},"end":{"line":236,"column":9}},"75":{"start":{"line":239,"column":4},"end":{"line":244,"column":5}},"76":{"start":{"line":240,"column":6},"end":{"line":243,"column":9}},"77":{"start":{"line":246,"column":4},"end":{"line":246,"column":33}},"78":{"start":{"line":247,"column":4},"end":{"line":247,"column":25}},"79":{"start":{"line":249,"column":4},"end":{"line":252,"column":7}},"80":{"start":{"line":254,"column":4},"end":{"line":254,"column":16}},"81":{"start":{"line":261,"column":0},"end":{"line":299,"column":3}},"82":{"start":{"line":262,"column":2},"end":{"line":298,"column":3}},"83":{"start":{"line":263,"column":20},"end":{"line":263,"column":57}},"84":{"start":{"line":265,"column":4},"end":{"line":270,"column":5}},"85":{"start":{"line":266,"column":6},"end":{"line":269,"column":9}},"86":{"start":{"line":273,"column":4},"end":{"line":278,"column":5}},"87":{"start":{"line":274,"column":6},"end":{"line":277,"column":9}},"88":{"start":{"line":280,"column":4},"end":{"line":285,"column":5}},"89":{"start":{"line":281,"column":6},"end":{"line":284,"column":9}},"90":{"start":{"line":287,"column":4},"end":{"line":287,"column":33}},"91":{"start":{"line":288,"column":4},"end":{"line":288,"column":56}},"92":{"start":{"line":289,"column":4},"end":{"line":289,"column":38}},"93":{"start":{"line":290,"column":4},"end":{"line":290,"column":25}},"94":{"start":{"line":292,"column":4},"end":{"line":295,"column":7}},"95":{"start":{"line":297,"column":4},"end":{"line":297,"column":16}},"96":{"start":{"line":304,"column":0},"end":{"line":340,"column":3}},"97":{"start":{"line":305,"column":2},"end":{"line":339,"column":3}},"98":{"start":{"line":306,"column":20},"end":{"line":306,"column":57}},"99":{"start":{"line":308,"column":4},"end":{"line":313,"column":5}},"100":{"start":{"line":309,"column":6},"end":{"line":312,"column":9}},"101":{"start":{"line":316,"column":4},"end":{"line":321,"column":5}},"102":{"start":{"line":317,"column":6},"end":{"line":320,"column":9}},"103":{"start":{"line":324,"column":4},"end":{"line":329,"column":5}},"104":{"start":{"line":325,"column":6},"end":{"line":328,"column":9}},"105":{"start":{"line":331,"column":4},"end":{"line":331,"column":51}},"106":{"start":{"line":333,"column":4},"end":{"line":336,"column":7}},"107":{"start":{"line":338,"column":4},"end":{"line":338,"column":16}},"108":{"start":{"line":342,"column":0},"end":{"line":342,"column":24}}},"fnMap":{"0":{"name":"(anonymous_0)","decl":{"start":{"line":12,"column":47},"end":{"line":12,"column":48}},"loc":{"start":{"line":12,"column":73},"end":{"line":54,"column":1}},"line":12},"1":{"name":"(anonymous_1)","decl":{"start":{"line":59,"column":47},"end":{"line":59,"column":48}},"loc":{"start":{"line":59,"column":73},"end":{"line":88,"column":1}},"line":59},"2":{"name":"(anonymous_2)","decl":{"start":{"line":93,"column":45},"end":{"line":93,"column":46}},"loc":{"start":{"line":93,"column":71},"end":{"line":167,"column":1}},"line":93},"3":{"name":"(anonymous_3)","decl":{"start":{"line":172,"column":47},"end":{"line":172,"column":48}},"loc":{"start":{"line":172,"column":73},"end":{"line":223,"column":1}},"line":172},"4":{"name":"(anonymous_4)","decl":{"start":{"line":201,"column":26},"end":{"line":201,"column":27}},"loc":{"start":{"line":201,"column":35},"end":{"line":205,"column":5}},"line":201},"5":{"name":"(anonymous_5)","decl":{"start":{"line":228,"column":55},"end":{"line":228,"column":56}},"loc":{"start":{"line":228,"column":81},"end":{"line":256,"column":1}},"line":228},"6":{"name":"(anonymous_6)","decl":{"start":{"line":261,"column":54},"end":{"line":261,"column":55}},"loc":{"start":{"line":261,"column":80},"end":{"line":299,"column":1}},"line":261},"7":{"name":"(anonymous_7)","decl":{"start":{"line":304,"column":50},"end":{"line":304,"column":51}},"loc":{"start":{"line":304,"column":76},"end":{"line":340,"column":1}},"line":304}},"branchMap":{"0":{"loc":{"start":{"line":14,"column":17},"end":{"line":14,"column":46}},"type":"binary-expr","locations":[{"start":{"line":14,"column":17},"end":{"line":14,"column":41}},{"start":{"line":14,"column":45},"end":{"line":14,"column":46}}],"line":14},"1":{"loc":{"start":{"line":15,"column":18},"end":{"line":15,"column":49}},"type":"binary-expr","locations":[{"start":{"line":15,"column":18},"end":{"line":15,"column":43}},{"start":{"line":15,"column":47},"end":{"line":15,"column":49}}],"line":15},"2":{"loc":{"start":{"line":21,"column":4},"end":{"line":23,"column":5}},"type":"if","locations":[{"start"
[...]
,"column":4},"end":{"line":110,"column":7}},"38":{"start":{"line":112,"column":4},"end":{"line":112,"column":16}},"39":{"start":{"line":119,"column":0},"end":{"line":138,"column":3}},"40":{"start":{"line":120,"column":2},"end":{"line":137,"column":3}},"41":{"start":{"line":121,"column":17},"end":{"line":122,"column":53}},"42":{"start":{"line":124,"column":4},"end":{"line":129,"column":5}},"43":{"start":{"line":125,"column":6},"end":{"line":128,"column":9}},"44":{"start":{"line":131,"column":4},"end":{"line":134,"column":7}},"45":{"start":{"line":136,"column":4},"end":{"line":136,"column":16}},"46":{"start":{"line":143,"column":0},"end":{"line":187,"column":3}},"47":{"start":{"line":144,"column":2},"end":{"line":186,"column":3}},"48":{"start":{"line":146,"column":4},"end":{"line":151,"column":5}},"49":{"start":{"line":147,"column":6},"end":{"line":150,"column":9}},"50":{"start":{"line":154,"column":26},"end":{"line":157,"column":5}},"51":{"start":{"line":159,"column":20},"end":{"line":159,"column":22}},"52":{"start":{"line":160,"column":4},"end":{"line":164,"column":7}},"53":{"start":{"line":161,"column":6},"end":{"line":163,"column":7}},"54":{"start":{"line":162,"column":8},"end":{"line":162,"column":41}},"55":{"start":{"line":166,"column":17},"end":{"line":170,"column":40}},"56":{"start":{"line":172,"column":4},"end":{"line":177,"column":5}},"57":{"start":{"line":173,"column":6},"end":{"line":176,"column":9}},"58":{"start":{"line":179,"column":4},"end":{"line":183,"column":7}},"59":{"start":{"line":185,"column":4},"end":{"line":185,"column":16}},"60":{"start":{"line":192,"column":0},"end":{"line":230,"column":3}},"61":{"start":{"line":193,"column":2},"end":{"line":229,"column":3}},"62":{"start":{"line":194,"column":4},"end":{"line":199,"column":5}},"63":{"start":{"line":195,"column":6},"end":{"line":198,"column":9}},"64":{"start":{"line":201,"column":59},"end":{"line":201,"column":67}},"65":{"start":{"line":203,"column":20},"end":{"line":203,"column":22}},"66":{"start":{"line":204,"column":4},"end":{"line":204,"column":81}},"67":{"start":{"line":204,"column":36},"end":{"line":204,"column":81}},"68":{"start":{"line":205,"column":4},"end":{"line":205,"column":60}},"69":{"start":{"line":205,"column":29},"end":{"line":205,"column":60}},"70":{"start":{"line":206,"column":4},"end":{"line":206,"column":66}},"71":{"start":{"line":206,"column":31},"end":{"line":206,"column":66}},"72":{"start":{"line":207,"column":4},"end":{"line":207,"column":81}},"73":{"start":{"line":207,"column":36},"end":{"line":207,"column":81}},"74":{"start":{"line":209,"column":17},"end":{"line":213,"column":5}},"75":{"start":{"line":215,"column":4},"end":{"line":220,"column":5}},"76":{"start":{"line":216,"column":6},"end":{"line":219,"column":9}},"77":{"start":{"line":222,"column":4},"end":{"line":226,"column":7}},"78":{"start":{"line":228,"column":4},"end":{"line":228,"column":16}},"79":{"start":{"line":235,"column":0},"end":{"line":323,"column":3}},"80":{"start":{"line":236,"column":2},"end":{"line":322,"column":3}},"81":{"start":{"line":237,"column":17},"end":{"line":239,"column":41}},"82":{"start":{"line":241,"column":4},"end":{"line":246,"column":5}},"83":{"start":{"line":242,"column":6},"end":{"line":245,"column":9}},"84":{"start":{"line":249,"column":18},"end":{"line":249,"column":40}},"85":{"start":{"line":252,"column":4},"end":{"line":297,"column":5}},"86":{"start":{"line":254,"column":8},"end":{"line":261,"column":10}},"87":{"start":{"line":262,"column":8},"end":{"line":262,"column":14}},"88":{"start":{"line":264,"column":8},"end":{"line":271,"column":10}},"89":{"start":{"line":272,"column":8},"end":{"line":272,"column":14}},"90":{"start":{"line":274,"column":8},"end":{"line":281,"column":10}},"91":{"start":{"line":282,"column":8},"end":{"line":282,"column":14}},"92":{"start":{"line":284,"column":8},"end":{"line":291,"column":10}},"93":{"start":{"line":292,"column":8},"end":{"line":292,"column":14}},"94":{"start":{"line":294,"column":8},"end":{"line":296,"column":10}},"95":{"start":{"line":299,"column":4},"end":{"line":319,"column":7}},"96":{"start":{"line":321,"column":4},"end":{"line":321,"column":16}},"97":{"start":{"line":328,"column":0},"end":{"line":393,"column":3}},"98":{"start":{"line":329,"column":2},"end":{"line":392,"column":3}},"99":{"start":{"line":330,"column":85},"end":{"line":330,"column":93}},"100":{"start":{"line":332,"column":20},"end":{"line":332,"column":22}},"101":{"start":{"line":335,"column":30},"end":{"line":339,"column":5}},"102":{"start":{"line":336,"column":18},"end":{"line":336,"column":37}},"103":{"start":{"line":337,"column":6},"end":{"line":337,"column":34}},"104":{"start":{"line":337,"column":22},"end":{"line":337,"column":34}},"105":{"start":{"line":338,"column":6},"end":{"line":338,"column":44}},"106":{"start":{"line":341,"column":4},"end":{"line":344,"column":5}},"107":{"start":{"line":342,"column":18},"end":{"line":342,"column":41}},"108":{"start":{"line":343,"column":6},"end":{"line":343,"column":64}},"109":{"start":{"line":343,"column":24},"end":{"line":343,"column":64}},"110":{"start":{"line":345,"column":4},"end":{"line":348,"column":5}},"111":{"start":{"line":346,"column":18},"end":{"line":346,"column":45}},"112":{"start":{"line":347,"column":6},"end":{"line":347,"column":68}},"113":{"start":{"line":347,"column":24},"end":{"line":347,"column":68}},"114":{"start":{"line":349,"column":4},"end":{"line":352,"column":5}},"115":{"start":{"line":350,"column":18},"end":{"line":350,"column":44}},"116":{"start":{"line":351,"column":6},"end":{"line":351,"column":67}},"117":{"start":{"line":351,"column":24},"end":{"line":351,"column":67}},"118":{"start":{"line":353,"column":4},"end":{"line":356,"column":5}},"119":{"start":{"line":354,"column":18},"end":{"line":354,"column":46}},"120":{"start":{"line":355,"column":6},"end":{"line":355,"column":69}},"121":{"start":{"line":355,"column":24},"end":{"line":355,"column":69}},"122":{"start":{"line":357,"column":4},"end":{"line":360,"column":5}},"123":{"start":{"line":358,"column":18},"end":{"line":358,"column":46}},"124":{"start":{"line":359,"column":6},"end":{"line":359,"column":69}},"125":{"start":{"line":359,"column":24},"end":{"line":359,"column":69}},"126":{"start":{"line":361,"column":4},"end":{"line":364,"column":5}},"127":{"start":{"line":362,"column":18},"end":{"line":362,"column":45}},"128":{"start":{"line":363,"column":6},"end":{"line":363,"column":68}},"129":{"start":{"line":363,"column":24},"end":{"line":363,"column":68}},"130":{"start":{"line":365,"column":4},"end":{"line":367,"column":5}},"131":{"start":{"line":366,"column":6},"end":{"line":366,"column":40}},"132":{"start":{"line":369,"column":4},"end":{"line":374,"column":5}},"133":{"start":{"line":370,"column":6},"end":{"line":373,"column":9}},"134":{"start":{"line":376,"column":17},"end":{"line":380,"column":45}},"135":{"start":{"line":382,"column":4},"end":{"line":389,"column":7}},"136":{"start":{"line":391,"column":4},"end":{"line":391,"column":16}},"137":{"start":{"line":398,"column":0},"end":{"line":427,"column":3}},"138":{"start":{"line":399,"column":2},"end":{"line":426,"column":3}},"139":{"start":{"line":400,"column":4},"end":{"line":405,"column":5}},"140":{"start":{"line":401,"column":6},"end":{"line":404,"column":9}},"141":{"start":{"line":407,"column":17},"end":{"line":411,"column":5}},"142":{"start":{"line":413,"column":4},"end":{"line":418,"column":5}},"143":{"start":{"line":414,"column":6},"end":{"line":417,"column":9}},"144":{"start":{"line":420,"column":4},"end":{"line":423,"column":7}},"145":{"start":{"line":425,"column":4},"end":{"line":425,"column":16}},"146":{"start":{"line":429,"column":0},"end":{"line":429,"column":24}}},"fnMap":{"0":{"name":"(anonymous_0)","decl":{"start":{"line":11,"column":47},"end":{"line":11,"column":48}},"loc":{"start":{"line":11,"column":73},"end":{"line":74,"column":1}},"line":11},"1":{"name":"(anonymous_1)","decl":{"start":{"line":79,"column":31},"end":{"line":79,"column":32}},"loc":{"start":{"line":79,"column":57},"end":{"line":114,"column":1}},"line":79},"2":{"name":"(anonymous_2)","decl":{"start":{"line":119,"column":38},"end":{"line":119,"column":39}},"loc":{"start":{"line":119,"column":64},"end":{"line":138,"column":1}},"line":119},"3":{"name":"(anonymous_3)","decl":{"start":{"line":143,"column":47},"end":{"line":143,"column":48}},"loc":{"start":{"line":143,"column":73},"end":{"line":187,"column":1}},"line":143},"4":{"name":"(anonymous_4)","decl":{"start":{"line":160,"column":26},"end":{"line":160,"column":27}},"loc":{"start":{"line":160,"column":35},"end":{"line":164,"column":5}},"line":160},"5":{"name":"(anonymous_5)","decl":{"start":{"line":192,"column":53},"end":{"line":192,"column":54}},"loc":{"start":{"line":192,"column":79},"end":{"line":230,"column":1}},"line":192},"6":{"name":"(anonymous_6)","decl":{"start":{"line":235,"column":51},"end":{"line":235,"column":52}},"loc":{"start":{"line":235,"column":77},"end":{"line":323,"column":1}},"line":235},"7":{"name":"(anonymous_7)","decl":{"start":{"line":328,"column":40},"end":{"line":328,"column":41}},"loc":{"start":{"line":328,"column":66},"end":{"line":393,"column":1}},"line":328},"8":{"name":"(anonymous_8)","decl":{"start":{"line":335,"column":30},"end":{"line":335,"column":31}},"loc":{"start":{"line":335,"column":41},"end":{"line":339,"column":5}},"line":335},"9":{"name":"(anonymous_9)","decl":{"start":{"line":398,"column":50},"end":{"line":398,"column":51}},"loc":{"start":{"line":398,"column":76},"end":{"line":427,"column":1}},"line":398}},"branchMap":{"0":{"loc":{"start":{"line":13,"column":17},"end":{"line":13,"column":46}},"type":"binary-expr","locations":[{"start":{"line":13,"column":17},"end":{"line":13,"column":41}},{"start":{"line":13,"column":45},"end":{"line":13,"column":46}}],"line":13},"1":{"loc":{"start":{"line":14,"column":18},"end":{"line":14,"column":49}},"type":"binary-expr","locations":[{"start":{"line":14,"column":18},"end":{"line":14,"column":43}},{"start":{"line":14,"column":47},"end":{"line":14,"column":49}}],"line":14},"2":{"loc":{"start":{"line":21,"column":4},"end":{"line":26,"column":5}},"type":"if","locations":[{"start":{"line":21,"column":4},"end":{"line":26,"column":5}},{"start":{"line":23,"column":11},"end":{"line":26,"column":5}}],"line":21},"3":{"loc":{"start":{"line":28,"column":4},"end":{"line":30,"column":5}},"type":"if","locations":[{"start":{"line":28,"column":4},"end":{"line":30,"column":5}},{"start":{},"end":{}}],"line":28},"4":{"loc":{"start":{"line":32,"column":4},"end":{"line":34,"column":5}},"type":"if","locations":[{"start":{"line":32,"column":4},"end":{"line":34,"column":5}},{"start":{},"end":{}}],"line":32},"5":{"loc":{"start":{"line":36,"column":4},"end":{"line":43,"column":5}},"type":"if","locations":[{"start":{"line":36,"column":4},"end":{"line":43,"column":5}},{"start":{},"end":{}}],"line":36},"6":{"loc":{"start":{"line":46,"column":4},"end":{"line":48,"column":5}},"type":"if","locations":[{"start":{"line":46,"column":4},"end":{"line":48,"column":5}},{"start":{},"end":{}}],"line":46},"7":{"loc":{"start":{"line":83,"column":4},"end":{"line":88,"column":5}},"type":"if","locations":[{"start":{"line":83,"column":4},"end":{"line":88,"column":5}},{"start":{},"end":{}}],"line":83},"8":{"loc":{"start":{"line":100,"column":4},"end":{"line":100,"column":45}},"type":"if","locations":[{"start":{"line":100,"column":4},"end":{"line":100,"column":45}},{"start":{},"end":{}}],"line":100},"9":{"loc":{"start":{"line":124,"column":4},"end":{"line":129,"column":5}},"type":"if","locations":[{"start":{"line":124,"column":4},"end":{"line":129,"column":5}},{"start":{},"end":{}}],"line":124},"10":{"loc":{"start":{"line":146,"column":4},"end":{"line":151,"column":5}},"type":"if","locations":[{"start":{"line":146,"column":4},"end":{"line":151,"column":5}},{"start":{},"end":{}}],"line":146},"11":{"loc":{"start":{"line":146,"column":8},"end":{"line":146,"column":83}},"type":"binary-expr","locations":[{"start":{"line":146,"column":8},"end":{"line":146,"column":49}},{"start":{"line":146,"column":53},"end":{"line":146,"column":83}}],"line":146},"12":{"loc":{"start":{"line":161,"column":6},"end":{"line":163,"column":7}},"type":"if","locations":[{"start":{"line":161,"column":6},"end":{"line":163,"column":7}},{"start":{},"end":{}}],"line":161},"13":{"loc":{"start":{"line":172,"column":4},"end":{"line":177,"column":5}},"type":"if","locations":[{"start":{"line":172,"column":4},"end":{"line":177,"column":5}},{"start":{},"end":{}}],"line":172},"14":{"loc":{"start":{"line":194,"column":4},"end":{"line":199,"column":5}},"type":"if","locations":[{"start":{"line":194,"column":4},"end":{"line":199,"column":5}},{"start":{},"end":{}}],"line":194},"15":{"loc":{"start":{"line":194,"column":8},"end":{"line":194,"column":83}},"type":"binary-expr","locations":[{"start":{"line":194,"column":8},"end":{"line":194,"column":49}},{"start":{"line":194,"column":53},"end":{"line":194,"column":83}}],"line":194},"16":{"loc":{"start":{"line":204,"column":4},"end":{"line":204,"column":81}},"type":"if","locations":[{"start":{"line":204,"column":4},"end":{"line":204,"column":81}},{"start":{},"end":{}}],"line":204},"17":{"loc":{"start":{"line":205,"column":4},"end":{"line":205,"column":60}},"type":"if","locations":[{"start":{"line":205,"column":4},"end":{"line":205,"column":60}},{"start":{},"end":{}}],"line":205},"18":{"loc":{"start":{"line":206,"column":4},"end":{"line":206,"column":66}},"type":"if","locations":[{"start":{"line":206,"column":4},"end":{"line":206,"column":66}},{"start":{},"end":{}}],"line":206},"19":{"loc":{"start":{"line":207,"column":4},"end":{"line":207,"column":81}},"type":"if","locations":[{"start":{"line":207,"column":4},"end":{"line":207,"column":81}},{"start":{},"end":{}}],"line":207},"20":{"loc":{"start":{"line":215,"column":4},"end":{"line":220,"column":5}},"type":"if","locations":[{"start":{"line":215,"column":4},"end":{"line":220,"column":5}},{"start":{},"end":{}}],"line":215},"21":{"loc":{"start":{"line":241,"column":4},"end":{"line":246,"column":5}},"type":"if","locations":[{"start":{"line":241,"column":4},"end":{"line":246,"column":5}},{"start":{},"end":{}}],"line":241},"22":{"loc":{"start":{"line":252,"column":4},"end":{"line":297,"column":5}},"type":"switch","locations":[{"start":{"line":253,"column":6},"end":{"line":262,"column":14}},{"start":{"line":263,"column":6},"end":{"line":272,"column":14}},{"start":{"line":273,"column":6},"end":{"line":282,"column":14}},{"start":{"line":283,"column":6},"end":{"line":292,"column":14}},{"start":{"line":293,"column":6},"end":{"line":296,"column":10}}],"line":252},"23":{"loc":{"start":{"line":337,"column":6},"end":{"line":337,"column":34}},"type":"if","locations":[{"start":{"line":337,"column":6},"end":{"line":337,"column":34}},{"start":{},"end":{}}],"line":337},"24":{"loc":{"start":{"line":341,"column":4},"end":{"line":344,"column":5}},"type":"if","locations":[{"start":{"line":341,"column":4},"end":{"line":344,"column":5}},{"start":{},"end":{}}],"line":341},"25":{"loc":{"start":{"line":343,"column":6},"end":{"line":343,"column":64}},"type":"if","locations":[{"start":{"line":343,"column":6},"end":{"line":343,"column":64}},{"start":{},"end":{}}],"line":343},"26":{"loc":{"start":{"line":345,"column":4},"end":{"line":348,"column":5}},"type":"if","locations":[{"start":{"line":345,"column":4},"end":{"line":348,"column":5}},{"start":{},"end":{}}],"line":345},"27":{"loc":{"start":{"line":347,"column":6},"end":{"line":347,"column":68}},"type":"if","locations":[{"start":{"line":347,"column":6},"end":{"line":347,"column":68}},{"start":{},"end":{}}],"line":347},"28":{"loc":{"start":{"line":349,"column":4},"end":{"line":352,"column":5}},"type":"if","locations":[{"start":{"line":349,"column":4},"end":{"line":352,"column":5}},{"start":{},"end":{}}],"line":349},"29":{"loc":{"start":{"line":351,"column":6},"end":{"line":351,"column":67}},"type":"if","locations":[{"start":{"line":351,"column":6},"end":{"line":351,"column":67}},{"start":{},"end":{}}],"line":351},"30":{"loc":{"start":{"line":353,"column":4},"end":{"line":356,"column":5}},"type":"if","locations":[{"start":{"line":353,"column":4},"end":{"line":356,"column":5}},{"start":{},"end":{}}],"line":353},"31":{"loc":{"start":{"line":355,"column":6},"end":{"line":355,"column":69}},"type":"if","locations":[{"start":{"line":355,"column":6},"end":{"line":355,"column":69}},{"start":{},"end":{}}],"line":355},"32":{"loc":{"start":{"line":357,"column":4},"end":{"line":360,"column":5}},"type":"if","locations":[{"start":{"line":357,"column":4},"end":{"line":360,"column":5}},{"start":{},"end":{}}],"line":357},"33":{"loc":{"start":{"line":359,"column":6},"end":{"line":359,"column":69}},"type":"if","locations":[{"start":{"line":359,"column":6},"end":{"line":359,"column":69}},{"start":{},"end":{}}],"line":359},"34":{"loc":{"start":{"line":361,"column":4},"end":{"line":364,"column":5}},"type":"if","locations":[{"start":{"line":361,"column":4},"end":{"line":364,"column":5}},{"start":{},"end":{}}],"line":361},"35":{"loc":{"start":{"line":363,"column":6},"end":{"line":363,"column":68}},"type":"if","locations":[{"start":{"line":363,"column":6},"end":{"line":363,"column":68}},{"start":{},"end":{}}],"line":363},"36":{"loc":{"start":{"line":365,"column":4},"end":{"line":367,"column":5}},"type":"if","locations":[{"start":{"line":365,"column":4},"end":{"line":367,"column":5}},{"start":{},"end":{}}],"line":365},"37":{"loc":{"start":{"line":369,"column":4},"end":{"line":374,"column":5}},"type":"if","locations":[{"start":{"line":369,"column":4},"end":{"line":374,"column":5}},{"start":{},"end":{}}],"line":369},"38":{"loc":{"start":{"line":400,"column":4},"end":{"line":405,"column":5}},"type":"if","locations":[{"start":{"line":400,"column":4},"end":{"line":405,"column":5}},{"start":{},"end":{}}],"line":400},"39":{"loc":{"start":{"line":400,"column":8},"end":{"line":400,"column":83}},"type":"binary-expr","locations":[{"start":{"line":400,"column":8},"end":{"line":400,"column":49}},{"start":{"line":400,"column":53},"end":{"line":400,"column":83}}],"line":400},"40":{"loc":{"start":{"line":413,"column":4},"end":{"line":418,"column":5}},"type":"if","locations":[{"start":{"line":413,"column":4},"end":{"line":418,"column":5}},{"start":{},"end":{}}],"line":413}},"s":{"0":3,"1":3,"2":3,"3":3,"4":3,"5":3,"6":5,"7":5,"8":5,"9":5,"10":5,"11":5,"12":1,"13":4,"14":5,"15":0,"16":5,"17":1,"18":5,"19":1,"20":1,"21":5,"22":0,"23":5,"24":5,"25":5,"26":0,"27":3,"28":4,"29":4,"30":4,"31":1,"32":3,"33":3,"34":3,"35":0,"36":3,"37":3,"38":0,"39":3,"40":2,"41":2,"42":2,"43":1,"44":1,"45":0,"46":3,"47":4,"48":4,"49":1,"50":3,"51":3,"52":3,"53":30,"54":4,"55":3,"56":3,"57":0,"58":3,"59":0,"60":3,"61":2,"62":2,"63":1,"64":1,"65":1,"66":1,"67":1,"68":1,"69":1,"70":1,"71":1,"72":1,"73":0,"74":1,"75":1,"76":0,"77":1,"78":0,"79":3,"80":2,"81":2,"82":2,"83":1,"84":1,"85":1,"86":0,"87":0,"88":0,"89":0,"90":0,"91":0,"92":0,"93":0,"94":1,"95":1,"96":0,"97":3,"98":2,"99":2,"100":2,"101":2,"102":8,"103":8,"104":0,"105":8,"106":2,"107":2,"108":2,"109":2,"110":2,"111":2,"112":2,"113":2,"114":2,"115":1,"116":1,"117":1,"118":2,"119":1,"120":1,"121":1,"122":2,"123":1,"124":1,"125":1,"126":2,"127":1,"128":1,"129":1,"130":2,"131":0,"132":2,"133":0,"134":2,"135":2,"136":0,"137":3,"138":2,"139":2,"140":1,"141":1,"142":1,"143":0,"144":1,"145":0,"146":3},"f":{"0":5,"1":4,"2":2,"3":4,"4":30,"5":2,"6":2,"7":2,"8":8,"9":2},"b":{"0":[5,4],"1":[5,4],"2":[1,4],"3":[0,5],"4":[1,4],"5":[1,4],"6":[0,5],"7":[1,3],"8":[0,3],"9":[1,1],"10":[1,3],"11":[4,1],"12":[4,26],"13":[0,3],"14":[1,1],"15":[2,1],"16":[1,0],"17":[1,0],"18":[1,0],"19":[0,1],"20":[0,1],"21":[1,1],"22":[0,0,0,0,1],"23":[0,8],"24":[2,0],"25":[2,0],"26":[2,0],"27":[2,0],"28":[1,1],"29":[1,0],"30":[1,1],"31":[1,0],"32":[1,1],"33":[1,0],"34":[1,1],"35":[1,0],"36":[0,2],"37":[0,2],"38":[1,1],"39":[2,1],"40":[0,1]},"_coverageSchema":"1a1c01bbd47fc00a2c39e90264f33305004495a9","hash":"b8f2e2a6a224822886ac33d13519e989870faccb"}
}
