TN:
SF:middleware/auth.js
FN:5,(anonymous_0)
FN:54,(anonymous_1)
FN:80,(anonymous_2)
FN:81,(anonymous_3)
FN:93,(anonymous_4)
FN:94,(anonymous_5)
FNF:6
FNH:3
FNDA:78,(anonymous_0)
FNDA:9,(anonymous_1)
FNDA:12,(anonymous_2)
FNDA:0,(anonymous_3)
FNDA:0,(anonymous_4)
FNDA:0,(anonymous_5)
DA:1,3
DA:2,3
DA:5,3
DA:6,78
DA:10,78
DA:11,0
DA:12,78
DA:13,71
DA:16,78
DA:17,7
DA:24,71
DA:27,71
DA:29,71
DA:30,0
DA:36,71
DA:37,0
DA:43,71
DA:44,71
DA:46,0
DA:54,3
DA:55,9
DA:58,9
DA:59,0
DA:60,9
DA:61,0
DA:64,9
DA:65,0
DA:66,0
DA:67,0
DA:68,0
DA:72,9
DA:75,0
DA:80,3
DA:81,12
DA:82,0
DA:83,0
DA:88,0
DA:93,3
DA:94,0
DA:95,0
DA:96,0
DA:97,0
DA:99,0
DA:100,0
DA:105,0
DA:109,3
LF:46
LH:25
BRDA:10,0,0,0
BRDA:10,0,1,78
BRDA:10,1,0,78
BRDA:10,1,1,78
BRDA:12,2,0,71
BRDA:12,2,1,7
BRDA:12,3,0,78
BRDA:12,3,1,71
BRDA:16,4,0,7
BRDA:16,4,1,71
BRDA:29,5,0,0
BRDA:29,5,1,71
BRDA:36,6,0,0
BRDA:36,6,1,71
BRDA:58,7,0,0
BRDA:58,7,1,9
BRDA:58,8,0,9
BRDA:58,8,1,9
BRDA:60,9,0,0
BRDA:60,9,1,9
BRDA:60,10,0,9
BRDA:60,10,1,0
BRDA:64,11,0,0
BRDA:64,11,1,9
BRDA:67,12,0,0
BRDA:67,12,1,0
BRDA:67,13,0,0
BRDA:67,13,1,0
BRDA:82,14,0,0
BRDA:82,14,1,0
BRDA:93,15,0,0
BRDA:95,16,0,0
BRDA:95,16,1,0
BRDA:99,17,0,0
BRDA:99,17,1,0
BRDA:99,18,0,0
BRDA:99,18,1,0
BRF:37
BRH:17
end_of_record
TN:
SF:middleware/validators.js
FN:4,(anonymous_0)
FN:10,(anonymous_1)
FNF:2
FNH:2
FNDA:196,(anonymous_0)
FNDA:13,(anonymous_1)
DA:1,3
DA:4,3
DA:5,196
DA:6,196
DA:7,8
DA:10,13
DA:13,188
DA:17,3
DA:56,3
DA:68,3
DA:109,3
DA:128,3
DA:152,3
DA:169,3
DA:177,3
DA:189,3
LF:16
LH:16
BRDA:6,0,0,8
BRDA:6,0,1,188
BRF:2
BRH:2
end_of_record
TN:
SF:models/booking.js
FNF:0
FNH:0
DA:1,3
DA:3,3
DA:66,3
DA:67,3
DA:68,3
DA:71,3
DA:76,3
LF:7
LH:7
BRF:0
BRH:0
end_of_record
TN:
SF:models/classified.js
FN:78,(anonymous_0)
FN:107,(anonymous_1)
FNF:2
FNH:0
FNDA:0,(anonymous_0)
FNDA:0,(anonymous_1)
DA:1,3
DA:3,3
DA:78,0
DA:101,3
DA:102,3
DA:103,3
DA:104,3
DA:107,3
DA:108,0
DA:112,3
DA:113,3
DA:115,3
LF:12
LH:10
BRF:0
BRH:0
end_of_record
TN:
SF:models/conversation.js
FNF:0
FNH:0
DA:1,3
DA:3,3
DA:45,3
DA:46,3
DA:47,3
DA:49,3
LF:6
LH:6
BRF:0
BRH:0
end_of_record
TN:
SF:models/events.js
FN:191,(anonymous_0)
FN:196,(anonymous_1)
FN:200,(anonymous_2)
FN:201,(anonymous_3)
FN:206,(anonymous_4)
FN:208,(anonymous_5)
FNF:6
FNH:3
FNDA:13,(anonymous_0)
FNDA:0,(anonymous_1)
FNDA:13,(anonymous_2)
FNDA:0,(anonymous_3)
FNDA:13,(anonymous_4)
FNDA:0,(anonymous_5)
DA:1,3
DA:3,3
DA:186,3
DA:187,3
DA:188,3
DA:191,3
DA:193,13
DA:194,0
DA:196,13
DA:200,3
DA:201,13
DA:202,13
DA:206,3
DA:207,13
DA:208,13
DA:212,3
DA:213,3
DA:215,3
LF:18
LH:17
BRDA:193,0,0,0
BRDA:193,0,1,13
BRDA:193,1,0,13
BRDA:193,1,1,13
BRDA:201,2,0,13
BRDA:201,2,1,13
BRDA:207,3,0,0
BRDA:207,3,1,13
BRF:8
BRH:6
end_of_record
TN:
SF:models/field.js
FNF:0
FNH:0
DA:1,3
DA:3,3
DA:19,3
DA:122,3
DA:123,3
DA:124,3
DA:125,3
DA:127,3
LF:8
LH:8
BRF:0
BRH:0
end_of_record
TN:
SF:models/message.js
FNF:0
FNH:0
DA:1,3
DA:3,3
DA:48,3
DA:49,3
DA:51,3
LF:5
LH:5
BRF:0
BRH:0
end_of_record
TN:
SF:models/notification.js
FN:67,(anonymous_0)
FN:74,(anonymous_1)
FNF:2
FNH:0
FNDA:0,(anonymous_0)
FNDA:0,(anonymous_1)
DA:1,3
DA:3,3
DA:63,3
DA:64,3
DA:67,3
DA:68,0
DA:73,0
DA:74,0
DA:78,3
LF:9
LH:6
BRDA:73,0,0,0
BRDA:73,0,1,0
BRF:2
BRH:0
end_of_record
TN:
SF:models/teams.js
FN:145,(anonymous_0)
FNF:1
FNH:0
FNDA:0,(anonymous_0)
DA:1,3
DA:3,3
DA:20,3
DA:142,3
DA:145,3
DA:146,0
DA:147,0
DA:149,0
DA:153,3
DA:154,3
DA:156,3
LF:11
LH:8
BRDA:146,0,0,0
BRDA:146,0,1,0
BRDA:146,1,0,0
BRDA:146,1,1,0
BRF:4
BRH:0
end_of_record
TN:
SF:models/user.js
FN:174,(anonymous_0)
FN:189,(anonymous_1)
FN:194,(anonymous_2)
FNF:3
FNH:2
FNDA:107,(anonymous_0)
FNDA:0,(anonymous_1)
FNDA:38,(anonymous_2)
DA:1,3
DA:2,3
DA:4,3
DA:171,3
DA:174,3
DA:175,107
DA:176,0
DA:179,107
DA:180,107
DA:181,107
DA:182,107
DA:184,0
DA:189,3
DA:190,0
DA:194,3
DA:195,38
DA:199,3
DA:200,3
DA:202,3
LF:19
LH:16
BRDA:175,0,0,0
BRDA:175,0,1,107
BRF:2
BRH:1
end_of_record
TN:
SF:routes/adminRoutes.js
FN:20,(anonymous_0)
FN:61,(anonymous_1)
FN:80,(anonymous_2)
FN:119,(anonymous_3)
FN:168,(anonymous_4)
FN:186,(anonymous_5)
FN:225,(anonymous_6)
FN:273,(anonymous_7)
FN:291,(anonymous_8)
FN:330,(anonymous_9)
FN:379,(anonymous_10)
FN:424,(anonymous_11)
FN:466,(anonymous_12)
FN:499,(anonymous_13)
FN:544,(anonymous_14)
FN:581,(anonymous_15)
FNF:16
FNH:0
FNDA:0,(anonymous_0)
FNDA:0,(anonymous_1)
FNDA:0,(anonymous_2)
FNDA:0,(anonymous_3)
FNDA:0,(anonymous_4)
FNDA:0,(anonymous_5)
FNDA:0,(anonymous_6)
FNDA:0,(anonymous_7)
FNDA:0,(anonymous_8)
FNDA:0,(anonymous_9)
FNDA:0,(anonymous_10)
FNDA:0,(anonymous_11)
FNDA:0,(anonymous_12)
FNDA:0,(anonymous_13)
FNDA:0,(anonymous_14)
FNDA:0,(anonymous_15)
DA:1,3
DA:2,3
DA:3,3
DA:4,3
DA:5,3
DA:6,3
DA:7,3
DA:9,3
DA:12,3
DA:13,3
DA:20,3
DA:21,0
DA:31,0
DA:42,0
DA:52,0
DA:61,3
DA:62,0
DA:63,0
DA:68,0
DA:73,0
DA:80,3
DA:81,0
DA:82,0
DA:84,0
DA:85,0
DA:91,0
DA:92,0
DA:93,0
DA:94,0
DA:97,0
DA:106,0
DA:112,0
DA:119,3
DA:120,0
DA:121,0
DA:123,0
DA:124,0
DA:130,0
DA:132,0
DA:133,0
DA:139,0
DA:140,0
DA:141,0
DA:144,0
DA:153,0
DA:159,0
DA:168,3
DA:169,0
DA:170,0
DA:174,0
DA:179,0
DA:186,3
DA:187,0
DA:188,0
DA:190,0
DA:191,0
DA:197,0
DA:198,0
DA:199,0
DA:200,0
DA:203,0
DA:212,0
DA:218,0
DA:225,3
DA:226,0
DA:227,0
DA:229,0
DA:230,0
DA:236,0
DA:238,0
DA:239,0
DA:245,0
DA:246,0
DA:247,0
DA:250,0
DA:258,0
DA:264,0
DA:273,3
DA:274,0
DA:275,0
DA:279,0
DA:284,0
DA:291,3
DA:292,0
DA:293,0
DA:295,0
DA:296,0
DA:302,0
DA:303,0
DA:304,0
DA:305,0
DA:308,0
DA:317,0
DA:323,0
DA:330,3
DA:331,0
DA:332,0
DA:334,0
DA:335,0
DA:341,0
DA:343,0
DA:344,0
DA:350,0
DA:351,0
DA:352,0
DA:355,0
DA:364,0
DA:370,0
DA:379,3
DA:380,0
DA:381,0
DA:382,0
DA:383,0
DA:385,0
DA:387,0
DA:388,0
DA:391,0
DA:392,0
DA:395,0
DA:402,0
DA:404,0
DA:417,0
DA:424,3
DA:425,0
DA:426,0
DA:428,0
DA:430,0
DA:431,0
DA:438,0
DA:439,0
DA:440,0
DA:441,0
DA:442,0
DA:443,0
DA:444,0
DA:445,0
DA:446,0
DA:447,0
DA:451,0
DA:453,0
DA:459,0
DA:466,3
DA:467,0
DA:468,0
DA:470,0
DA:471,0
DA:478,0
DA:483,0
DA:485,0
DA:490,0
DA:499,3
DA:500,0
DA:501,0
DA:502,0
DA:503,0
DA:505,0
DA:507,0
DA:508,0
DA:511,0
DA:512,0
DA:515,0
DA:522,0
DA:524,0
DA:537,0
DA:544,3
DA:545,0
DA:546,0
DA:548,0
DA:549,0
DA:555,0
DA:561,0
DA:562,0
DA:568,0
DA:574,0
DA:581,3
DA:582,0
DA:583,0
DA:585,0
DA:586,0
DA:592,0
DA:593,0
DA:595,0
DA:601,0
DA:605,3
LF:184
LH:27
BRDA:84,0,0,0
BRDA:84,0,1,0
BRDA:123,1,0,0
BRDA:123,1,1,0
BRDA:132,2,0,0
BRDA:132,2,1,0
BRDA:190,3,0,0
BRDA:190,3,1,0
BRDA:229,4,0,0
BRDA:229,4,1,0
BRDA:238,5,0,0
BRDA:238,5,1,0
BRDA:295,6,0,0
BRDA:295,6,1,0
BRDA:334,7,0,0
BRDA:334,7,1,0
BRDA:343,8,0,0
BRDA:343,8,1,0
BRDA:381,9,0,0
BRDA:381,9,1,0
BRDA:382,10,0,0
BRDA:382,10,1,0
BRDA:387,11,0,0
BRDA:387,11,1,0
BRDA:391,12,0,0
BRDA:391,12,1,0
BRDA:430,13,0,0
BRDA:430,13,1,0
BRDA:438,14,0,0
BRDA:438,14,1,0
BRDA:439,15,0,0
BRDA:439,15,1,0
BRDA:440,16,0,0
BRDA:440,16,1,0
BRDA:441,17,0,0
BRDA:441,17,1,0
BRDA:442,18,0,0
BRDA:442,18,1,0
BRDA:443,19,0,0
BRDA:443,19,1,0
BRDA:445,20,0,0
BRDA:445,20,1,0
BRDA:470,21,0,0
BRDA:470,21,1,0
BRDA:501,22,0,0
BRDA:501,22,1,0
BRDA:502,23,0,0
BRDA:502,23,1,0
BRDA:507,24,0,0
BRDA:507,24,1,0
BRDA:511,25,0,0
BRDA:511,25,1,0
BRDA:548,26,0,0
BRDA:548,26,1,0
BRDA:561,27,0,0
BRDA:561,27,1,0
BRDA:585,28,0,0
BRDA:585,28,1,0
BRDA:597,29,0,0
BRDA:597,29,1,0
BRF:60
BRH:0
end_of_record
TN:
SF:routes/authRoutes.js
FN:10,(anonymous_0)
FN:27,(anonymous_1)
FN:106,(anonymous_2)
FN:173,(anonymous_3)
FN:198,(anonymous_4)
FN:220,(anonymous_5)
FN:236,(anonymous_6)
FN:261,(anonymous_7)
FN:286,(anonymous_8)
FN:354,(anonymous_9)
FN:399,(anonymous_10)
FN:432,(anonymous_11)
FN:486,(anonymous_12)
FNF:13
FNH:2
FNDA:107,(anonymous_0)
FNDA:107,(anonymous_1)
FNDA:0,(anonymous_2)
FNDA:0,(anonymous_3)
FNDA:0,(anonymous_4)
FNDA:0,(anonymous_5)
FNDA:0,(anonymous_6)
FNDA:0,(anonymous_7)
FNDA:0,(anonymous_8)
FNDA:0,(anonymous_9)
FNDA:0,(anonymous_10)
FNDA:0,(anonymous_11)
FNDA:0,(anonymous_12)
DA:1,3
DA:2,3
DA:3,3
DA:4,3
DA:5,3
DA:7,3
DA:10,3
DA:11,107
DA:17,3
DA:27,3
DA:28,107
DA:29,107
DA:32,107
DA:33,107
DA:34,0
DA:35,0
DA:42,107
DA:43,0
DA:49,107
DA:50,107
DA:51,107
DA:53,107
DA:54,0
DA:61,107
DA:77,107
DA:80,107
DA:82,107
DA:99,0
DA:106,3
DA:107,0
DA:108,0
DA:111,0
DA:113,0
DA:114,0
DA:121,0
DA:123,0
DA:124,0
DA:130,0
DA:131,0
DA:138,0
DA:139,0
DA:140,0
DA:143,0
DA:146,0
DA:148,0
DA:166,0
DA:173,3
DA:174,0
DA:176,0
DA:181,0
DA:184,0
DA:189,0
DA:198,3
DA:199,0
DA:200,0
DA:203,0
DA:208,0
DA:213,0
DA:220,3
DA:221,0
DA:222,0
DA:227,0
DA:229,0
DA:236,3
DA:237,0
DA:238,0
DA:240,0
DA:241,0
DA:247,0
DA:249,0
DA:254,0
DA:261,3
DA:262,0
DA:263,0
DA:265,0
DA:266,0
DA:272,0
DA:274,0
DA:279,0
DA:286,3
DA:287,0
DA:288,0
DA:290,0
DA:291,0
DA:297,0
DA:298,0
DA:304,0
DA:306,0
DA:308,0
DA:309,0
DA:315,0
DA:316,0
DA:318,0
DA:323,0
DA:349,3
DA:354,3
DA:355,0
DA:356,0
DA:358,0
DA:359,0
DA:366,0
DA:367,0
DA:370,0
DA:371,0
DA:372,0
DA:382,0
DA:392,0
DA:399,3
DA:400,0
DA:401,0
DA:403,0
DA:408,0
DA:409,0
DA:415,0
DA:416,0
DA:417,0
DA:418,0
DA:420,0
DA:425,0
DA:432,3
DA:433,0
DA:434,0
DA:436,0
DA:437,0
DA:443,0
DA:446,0
DA:447,0
DA:454,0
DA:455,0
DA:457,0
DA:458,0
DA:459,0
DA:469,0
DA:479,0
DA:486,3
DA:487,0
DA:488,0
DA:490,0
DA:491,0
DA:497,0
DA:499,0
DA:504,0
DA:505,0
DA:511,0
DA:512,0
DA:513,0
DA:514,0
DA:516,0
DA:521,0
DA:525,3
LF:150
LH:36
BRDA:12,0,0,107
BRDA:12,0,1,0
BRDA:20,1,0,0
BRDA:20,1,1,3
BRDA:33,2,0,0
BRDA:33,2,1,107
BRDA:34,3,0,0
BRDA:34,3,1,0
BRDA:42,4,0,0
BRDA:42,4,1,107
BRDA:53,5,0,0
BRDA:53,5,1,107
BRDA:53,6,0,107
BRDA:53,6,1,107
BRDA:68,7,0,107
BRDA:68,7,1,0
BRDA:113,8,0,0
BRDA:113,8,1,0
BRDA:123,9,0,0
BRDA:123,9,1,0
BRDA:130,10,0,0
BRDA:130,10,1,0
BRDA:240,11,0,0
BRDA:240,11,1,0
BRDA:265,12,0,0
BRDA:265,12,1,0
BRDA:290,13,0,0
BRDA:290,13,1,0
BRDA:290,14,0,0
BRDA:290,14,1,0
BRDA:297,15,0,0
BRDA:297,15,1,0
BRDA:308,16,0,0
BRDA:308,16,1,0
BRDA:358,17,0,0
BRDA:358,17,1,0
BRDA:408,18,0,0
BRDA:408,18,1,0
BRDA:436,19,0,0
BRDA:436,19,1,0
BRDA:446,20,0,0
BRDA:446,20,1,0
BRDA:490,21,0,0
BRDA:490,21,1,0
BRDA:490,22,0,0
BRDA:490,22,1,0
BRDA:504,23,0,0
BRDA:504,23,1,0
BRF:48
BRH:8
end_of_record
TN:
SF:routes/bookingRoutes.js
FN:12,(anonymous_0)
FN:59,(anonymous_1)
FN:93,(anonymous_2)
FN:172,(anonymous_3)
FN:201,(anonymous_4)
FN:228,(anonymous_5)
FN:261,(anonymous_6)
FN:304,(anonymous_7)
FNF:8
FNH:0
FNDA:0,(anonymous_0)
FNDA:0,(anonymous_1)
FNDA:0,(anonymous_2)
FNDA:0,(anonymous_3)
FNDA:0,(anonymous_4)
FNDA:0,(anonymous_5)
FNDA:0,(anonymous_6)
FNDA:0,(anonymous_7)
DA:1,3
DA:2,3
DA:3,3
DA:4,3
DA:5,3
DA:7,3
DA:12,3
DA:13,0
DA:14,0
DA:15,0
DA:16,0
DA:19,0
DA:21,0
DA:22,0
DA:25,0
DA:26,0
DA:27,0
DA:30,0
DA:37,0
DA:39,0
DA:52,0
DA:59,3
DA:60,0
DA:61,0
DA:66,0
DA:67,0
DA:74,0
DA:75,0
DA:81,0
DA:86,0
DA:93,3
DA:94,0
DA:95,0
DA:98,0
DA:99,0
DA:100,0
DA:107,0
DA:108,0
DA:109,0
DA:110,0
DA:112,0
DA:121,0
DA:122,0
DA:129,0
DA:130,0
DA:131,0
DA:133,0
DA:134,0
DA:140,0
DA:142,0
DA:155,0
DA:159,0
DA:165,0
DA:172,3
DA:173,0
DA:174,0
DA:176,0
DA:177,0
DA:184,0
DA:185,0
DA:192,0
DA:193,0
DA:199,0
DA:200,0
DA:201,0
DA:202,0
DA:203,0
DA:207,0
DA:215,0
DA:221,0
DA:228,3
DA:229,0
DA:230,0
DA:232,0
DA:233,0
DA:239,0
DA:240,0
DA:246,0
DA:247,0
DA:249,0
DA:254,0
DA:261,3
DA:262,0
DA:263,0
DA:265,0
DA:266,0
DA:273,0
DA:274,0
DA:280,0
DA:281,0
DA:287,0
DA:288,0
DA:289,0
DA:290,0
DA:292,0
DA:297,0
DA:304,3
DA:305,0
DA:306,0
DA:308,0
DA:309,0
DA:316,0
DA:317,0
DA:324,0
DA:325,0
DA:331,0
DA:333,0
DA:338,0
DA:342,3
LF:109
LH:14
BRDA:14,0,0,0
BRDA:14,0,1,0
BRDA:15,1,0,0
BRDA:15,1,1,0
BRDA:21,2,0,0
BRDA:21,2,1,0
BRDA:25,3,0,0
BRDA:25,3,1,0
BRDA:66,4,0,0
BRDA:66,4,1,0
BRDA:74,5,0,0
BRDA:74,5,1,0
BRDA:74,6,0,0
BRDA:74,6,1,0
BRDA:99,7,0,0
BRDA:99,7,1,0
BRDA:99,8,0,0
BRDA:99,8,1,0
BRDA:121,9,0,0
BRDA:121,9,1,0
BRDA:133,10,0,0
BRDA:133,10,1,0
BRDA:145,11,0,0
BRDA:145,11,1,0
BRDA:176,12,0,0
BRDA:176,12,1,0
BRDA:184,13,0,0
BRDA:184,13,1,0
BRDA:184,14,0,0
BRDA:184,14,1,0
BRDA:192,15,0,0
BRDA:192,15,1,0
BRDA:202,16,0,0
BRDA:202,16,1,0
BRDA:232,17,0,0
BRDA:232,17,1,0
BRDA:239,18,0,0
BRDA:239,18,1,0
BRDA:265,19,0,0
BRDA:265,19,1,0
BRDA:273,20,0,0
BRDA:273,20,1,0
BRDA:273,21,0,0
BRDA:273,21,1,0
BRDA:280,22,0,0
BRDA:280,22,1,0
BRDA:288,23,0,0
BRDA:288,23,1,0
BRDA:308,24,0,0
BRDA:308,24,1,0
BRDA:316,25,0,0
BRDA:316,25,1,0
BRDA:316,26,0,0
BRDA:316,26,1,0
BRDA:324,27,0,0
BRDA:324,27,1,0
BRF:56
BRH:0
end_of_record
TN:
SF:routes/classifiedRoutes.js
FN:11,(anonymous_0)
FN:68,(anonymous_1)
FN:85,(anonymous_2)
FN:110,(anonymous_3)
FN:136,(anonymous_4)
FN:163,(anonymous_5)
FN:188,(anonymous_6)
FN:221,(anonymous_7)
FN:250,(anonymous_8)
FN:280,(anonymous_9)
FNF:10
FNH:0
FNDA:0,(anonymous_0)
FNDA:0,(anonymous_1)
FNDA:0,(anonymous_2)
FNDA:0,(anonymous_3)
FNDA:0,(anonymous_4)
FNDA:0,(anonymous_5)
FNDA:0,(anonymous_6)
FNDA:0,(anonymous_7)
FNDA:0,(anonymous_8)
FNDA:0,(anonymous_9)
DA:1,3
DA:2,3
DA:3,3
DA:4,3
DA:6,3
DA:11,3
DA:12,0
DA:13,0
DA:14,0
DA:15,0
DA:18,0
DA:20,0
DA:21,0
DA:24,0
DA:25,0
DA:28,0
DA:29,0
DA:32,0
DA:33,0
DA:36,0
DA:37,0
DA:40,0
DA:46,0
DA:48,0
DA:61,0
DA:68,3
DA:69,0
DA:70,0
DA:73,0
DA:78,0
DA:85,3
DA:86,0
DA:87,0
DA:91,0
DA:92,0
DA:98,0
DA:103,0
DA:110,3
DA:111,0
DA:112,0
DA:118,0
DA:120,0
DA:123,0
DA:129,0
DA:136,3
DA:137,0
DA:138,0
DA:140,0
DA:141,0
DA:148,0
DA:149,0
DA:156,0
DA:162,0
DA:163,0
DA:164,0
DA:165,0
DA:169,0
DA:175,0
DA:181,0
DA:188,3
DA:189,0
DA:190,0
DA:192,0
DA:193,0
DA:200,0
DA:201,0
DA:207,0
DA:209,0
DA:214,0
DA:221,3
DA:222,0
DA:223,0
DA:225,0
DA:226,0
DA:232,0
DA:234,0
DA:235,0
DA:241,0
DA:242,0
DA:249,0
DA:250,0
DA:253,0
DA:254,0
DA:260,0
DA:266,0
DA:268,0
DA:273,0
DA:280,3
DA:281,0
DA:282,0
DA:284,0
DA:285,0
DA:291,0
DA:292,0
DA:298,0
DA:299,0
DA:301,0
DA:306,0
DA:310,3
LF:99
LH:14
BRDA:13,0,0,0
BRDA:13,0,1,0
BRDA:14,1,0,0
BRDA:14,1,1,0
BRDA:20,2,0,0
BRDA:20,2,1,0
BRDA:24,3,0,0
BRDA:24,3,1,0
BRDA:28,4,0,0
BRDA:28,4,1,0
BRDA:32,5,0,0
BRDA:32,5,1,0
BRDA:36,6,0,0
BRDA:36,6,1,0
BRDA:91,7,0,0
BRDA:91,7,1,0
BRDA:115,8,0,0
BRDA:115,8,1,0
BRDA:140,9,0,0
BRDA:140,9,1,0
BRDA:148,10,0,0
BRDA:148,10,1,0
BRDA:148,11,0,0
BRDA:148,11,1,0
BRDA:164,12,0,0
BRDA:164,12,1,0
BRDA:192,13,0,0
BRDA:192,13,1,0
BRDA:200,14,0,0
BRDA:200,14,1,0
BRDA:200,15,0,0
BRDA:200,15,1,0
BRDA:225,16,0,0
BRDA:225,16,1,0
BRDA:234,17,0,0
BRDA:234,17,1,0
BRDA:241,18,0,0
BRDA:241,18,1,0
BRDA:253,19,0,0
BRDA:253,19,1,0
BRDA:284,20,0,0
BRDA:284,20,1,0
BRDA:291,21,0,0
BRDA:291,21,1,0
BRF:44
BRH:0
end_of_record
TN:
SF:routes/eventRoutes.js
FN:14,(anonymous_0)
FN:79,(anonymous_1)
FN:97,(anonymous_2)
FN:113,(anonymous_3)
FN:118,(anonymous_4)
FN:123,(anonymous_5)
FN:128,(anonymous_6)
FN:154,(anonymous_7)
FN:193,(anonymous_8)
FN:218,(anonymous_9)
FN:245,(anonymous_10)
FN:270,(anonymous_11)
FN:303,(anonymous_12)
FN:327,(anonymous_13)
FN:338,(anonymous_14)
FN:401,(anonymous_15)
FN:500,(anonymous_16)
FN:522,(anonymous_17)
FN:539,(anonymous_18)
FN:561,(anonymous_19)
FN:572,(anonymous_20)
FN:592,(anonymous_21)
FN:593,(anonymous_22)
FN:604,(anonymous_23)
FN:616,(anonymous_24)
FN:633,(anonymous_25)
FN:720,(anonymous_26)
FNF:27
FNH:20
FNDA:4,(anonymous_0)
FNDA:0,(anonymous_1)
FNDA:0,(anonymous_2)
FNDA:0,(anonymous_3)
FNDA:0,(anonymous_4)
FNDA:0,(anonymous_5)
FNDA:0,(anonymous_6)
FNDA:4,(anonymous_7)
FNDA:6,(anonymous_8)
FNDA:2,(anonymous_9)
FNDA:14,(anonymous_10)
FNDA:2,(anonymous_11)
FNDA:8,(anonymous_12)
FNDA:0,(anonymous_13)
FNDA:1,(anonymous_14)
FNDA:4,(anonymous_15)
FNDA:2,(anonymous_16)
FNDA:2,(anonymous_17)
FNDA:5,(anonymous_18)
FNDA:1,(anonymous_19)
FNDA:1,(anonymous_20)
FNDA:4,(anonymous_21)
FNDA:4,(anonymous_22)
FNDA:1,(anonymous_23)
FNDA:1,(anonymous_24)
FNDA:7,(anonymous_25)
FNDA:4,(anonymous_26)
DA:1,3
DA:2,3
DA:3,3
DA:4,3
DA:5,3
DA:6,3
DA:7,3
DA:9,3
DA:14,3
DA:15,4
DA:16,4
DA:17,4
DA:18,4
DA:21,4
DA:26,4
DA:27,1
DA:30,4
DA:31,1
DA:34,4
DA:35,0
DA:38,4
DA:39,0
DA:42,4
DA:43,0
DA:46,4
DA:47,0
DA:50,4
DA:57,4
DA:59,4
DA:72,0
DA:79,3
DA:80,0
DA:81,0
DA:85,0
DA:90,0
DA:97,3
DA:98,0
DA:100,0
DA:113,0
DA:114,0
DA:117,0
DA:118,0
DA:122,0
DA:123,0
DA:127,0
DA:128,0
DA:131,0
DA:132,0
DA:133,0
DA:134,0
DA:136,0
DA:139,0
DA:142,0
DA:147,0
DA:154,3
DA:155,4
DA:156,4
DA:163,4
DA:164,2
DA:171,2
DA:172,2
DA:174,2
DA:175,0
DA:181,2
DA:186,0
DA:193,3
DA:194,6
DA:195,6
DA:200,6
DA:202,6
DA:205,6
DA:211,0
DA:218,3
DA:219,2
DA:220,2
DA:222,2
DA:223,0
DA:230,2
DA:231,1
DA:238,1
DA:244,1
DA:245,1
DA:246,14
DA:247,1
DA:251,1
DA:257,1
DA:263,0
DA:270,3
DA:271,2
DA:272,2
DA:274,2
DA:275,0
DA:282,2
DA:283,1
DA:289,1
DA:291,1
DA:296,0
DA:303,3
DA:304,8
DA:305,8
DA:307,8
DA:309,8
DA:310,0
DA:317,8
DA:318,8
DA:319,0
DA:326,8
DA:327,0
DA:329,8
DA:330,0
DA:337,8
DA:338,1
DA:340,8
DA:341,1
DA:348,7
DA:349,1
DA:350,1
DA:354,1
DA:356,1
DA:364,6
DA:365,6
DA:372,6
DA:375,6
DA:379,6
DA:388,6
DA:394,0
DA:401,3
DA:402,4
DA:403,4
DA:405,4
DA:406,1
DA:412,3
DA:414,3
DA:415,0
DA:422,3
DA:423,1
DA:429,2
DA:431,2
DA:432,0
DA:438,2
DA:439,0
DA:445,2
DA:446,2
DA:448,2
DA:450,1
DA:451,1
DA:452,0
DA:459,1
DA:460,1
DA:466,1
DA:476,1
DA:486,2
DA:488,2
DA:493,0
DA:500,3
DA:501,2
DA:502,2
DA:504,2
DA:505,0
DA:511,2
DA:512,2
DA:514,2
DA:515,0
DA:521,2
DA:522,2
DA:525,2
DA:527,2
DA:532,0
DA:539,3
DA:540,5
DA:541,5
DA:543,5
DA:544,1
DA:550,4
DA:552,4
DA:553,0
DA:560,4
DA:561,2
DA:562,2
DA:563,0
DA:571,4
DA:572,1
DA:575,4
DA:576,1
DA:577,1
DA:579,3
DA:586,4
DA:588,4
DA:592,4
DA:593,4
DA:597,0
DA:604,3
DA:605,1
DA:606,1
DA:608,1
DA:609,0
DA:615,1
DA:616,1
DA:619,1
DA:621,1
DA:626,0
DA:633,3
DA:634,7
DA:635,7
DA:637,7
DA:638,1
DA:644,6
DA:646,6
DA:647,1
DA:653,5
DA:654,1
DA:661,4
DA:666,4
DA:667,3
DA:673,4
DA:680,4
DA:685,4
DA:688,4
DA:692,4
DA:701,4
DA:704,4
DA:713,0
DA:720,3
DA:721,4
DA:722,4
DA:724,4
DA:725,1
DA:731,3
DA:732,1
DA:738,2
DA:740,2
DA:741,1
DA:747,1
DA:753,1
DA:754,1
DA:756,1
DA:759,1
DA:761,1
DA:767,0
DA:771,3
LF:240
LH:186
BRDA:16,0,0,4
BRDA:16,0,1,3
BRDA:17,1,0,4
BRDA:17,1,1,3
BRDA:26,2,0,1
BRDA:26,2,1,3
BRDA:30,3,0,1
BRDA:30,3,1,3
BRDA:34,4,0,0
BRDA:34,4,1,4
BRDA:34,5,0,4
BRDA:34,5,1,0
BRDA:38,6,0,0
BRDA:38,6,1,4
BRDA:42,7,0,0
BRDA:42,7,1,4
BRDA:46,8,0,0
BRDA:46,8,1,4
BRDA:123,9,0,0
BRDA:123,9,1,0
BRDA:128,10,0,0
BRDA:128,10,1,0
BRDA:131,11,0,0
BRDA:131,11,1,0
BRDA:131,12,0,0
BRDA:131,12,1,0
BRDA:133,13,0,0
BRDA:133,13,1,0
BRDA:163,14,0,2
BRDA:163,14,1,2
BRDA:171,15,0,2
BRDA:171,15,1,0
BRDA:172,16,0,2
BRDA:172,16,1,0
BRDA:174,17,0,0
BRDA:174,17,1,2
BRDA:174,18,0,2
BRDA:174,18,1,0
BRDA:174,18,2,0
BRDA:222,19,0,0
BRDA:222,19,1,2
BRDA:230,20,0,1
BRDA:230,20,1,1
BRDA:230,21,0,2
BRDA:230,21,1,1
BRDA:246,22,0,1
BRDA:246,22,1,13
BRDA:274,23,0,0
BRDA:274,23,1,2
BRDA:282,24,0,1
BRDA:282,24,1,1
BRDA:282,25,0,2
BRDA:282,25,1,1
BRDA:309,26,0,0
BRDA:309,26,1,8
BRDA:317,27,0,8
BRDA:317,27,1,8
BRDA:318,28,0,0
BRDA:318,28,1,8
BRDA:329,29,0,0
BRDA:329,29,1,8
BRDA:338,30,0,1
BRDA:338,30,1,1
BRDA:340,31,0,1
BRDA:340,31,1,7
BRDA:348,32,0,1
BRDA:348,32,1,6
BRDA:349,33,0,1
BRDA:349,33,1,0
BRDA:364,34,0,6
BRDA:364,34,1,0
BRDA:367,35,0,6
BRDA:367,35,1,0
BRDA:375,36,0,6
BRDA:375,36,1,0
BRDA:376,37,0,6
BRDA:376,37,1,0
BRDA:405,38,0,1
BRDA:405,38,1,3
BRDA:414,39,0,0
BRDA:414,39,1,3
BRDA:422,40,0,1
BRDA:422,40,1,2
BRDA:422,41,0,3
BRDA:422,41,1,1
BRDA:431,42,0,0
BRDA:431,42,1,2
BRDA:438,43,0,0
BRDA:438,43,1,2
BRDA:448,44,0,1
BRDA:448,44,1,1
BRDA:450,45,0,1
BRDA:450,45,1,1
BRDA:451,46,0,0
BRDA:451,46,1,1
BRDA:459,47,0,1
BRDA:459,47,1,0
BRDA:504,48,0,0
BRDA:504,48,1,2
BRDA:514,49,0,0
BRDA:514,49,1,2
BRDA:514,50,0,2
BRDA:514,50,1,1
BRDA:514,50,2,0
BRDA:521,51,0,2
BRDA:521,51,1,0
BRDA:529,52,0,1
BRDA:529,52,1,1
BRDA:543,53,0,1
BRDA:543,53,1,4
BRDA:552,54,0,0
BRDA:552,54,1,4
BRDA:560,55,0,2
BRDA:560,55,1,2
BRDA:562,56,0,0
BRDA:562,56,1,2
BRDA:575,57,0,1
BRDA:575,57,1,3
BRDA:608,58,0,0
BRDA:608,58,1,1
BRDA:637,59,0,1
BRDA:637,59,1,6
BRDA:637,60,0,7
BRDA:637,60,1,6
BRDA:646,61,0,1
BRDA:646,61,1,5
BRDA:653,62,0,1
BRDA:653,62,1,4
BRDA:666,63,0,3
BRDA:666,63,1,1
BRDA:688,64,0,4
BRDA:688,64,1,0
BRDA:689,65,0,4
BRDA:689,65,1,0
BRDA:724,66,0,1
BRDA:724,66,1,3
BRDA:724,67,0,4
BRDA:724,67,1,4
BRDA:731,68,0,1
BRDA:731,68,1,2
BRDA:740,69,0,1
BRDA:740,69,1,1
BRF:142
BRH:98
end_of_record
TN:
SF:routes/fieldRoutes.js
FN:12,(anonymous_0)
FN:73,(anonymous_1)
FN:96,(anonymous_2)
FN:134,(anonymous_3)
FN:157,(anonymous_4)
FN:174,(anonymous_5)
FN:202,(anonymous_6)
FN:229,(anonymous_7)
FN:265,(anonymous_8)
FN:287,(anonymous_9)
FN:304,(anonymous_10)
FNF:11
FNH:6
FNDA:7,(anonymous_0)
FNDA:3,(anonymous_1)
FNDA:2,(anonymous_2)
FNDA:0,(anonymous_3)
FNDA:0,(anonymous_4)
FNDA:0,(anonymous_5)
FNDA:0,(anonymous_6)
FNDA:0,(anonymous_7)
FNDA:8,(anonymous_8)
FNDA:1,(anonymous_9)
FNDA:4,(anonymous_10)
DA:1,3
DA:2,3
DA:3,3
DA:4,3
DA:5,3
DA:7,3
DA:12,3
DA:13,7
DA:14,7
DA:15,7
DA:16,7
DA:19,7
DA:21,7
DA:22,1
DA:25,7
DA:26,1
DA:29,7
DA:30,1
DA:33,7
DA:34,1
DA:37,7
DA:38,0
DA:39,0
DA:42,7
DA:43,2
DA:46,7
DA:51,7
DA:53,7
DA:66,0
DA:73,3
DA:74,3
DA:75,3
DA:77,3
DA:78,1
DA:84,2
DA:89,0
DA:96,3
DA:97,2
DA:98,2
DA:100,2
DA:101,1
DA:107,1
DA:109,1
DA:110,0
DA:117,1
DA:118,1
DA:119,1
DA:120,1
DA:122,1
DA:129,1
DA:130,1
DA:131,1
DA:134,1
DA:139,1
DA:150,0
DA:157,3
DA:158,0
DA:159,0
DA:161,0
DA:167,0
DA:174,3
DA:175,0
DA:176,0
DA:182,0
DA:183,0
DA:189,0
DA:195,0
DA:202,3
DA:203,0
DA:204,0
DA:210,0
DA:211,0
DA:217,0
DA:222,0
DA:229,3
DA:230,0
DA:231,0
DA:233,0
DA:234,0
DA:240,0
DA:253,0
DA:258,0
DA:265,3
DA:266,8
DA:267,8
DA:269,8
DA:270,2
DA:276,6
DA:278,6
DA:279,1
DA:286,5
DA:287,1
DA:290,5
DA:291,1
DA:297,4
DA:304,4
DA:305,4
DA:306,4
DA:308,4
DA:310,4
DA:313,4
DA:315,4
DA:321,0
DA:325,3
LF:104
LH:74
BRDA:14,0,0,7
BRDA:14,0,1,7
BRDA:15,1,0,7
BRDA:15,1,1,7
BRDA:21,2,0,1
BRDA:21,2,1,6
BRDA:25,3,0,1
BRDA:25,3,1,6
BRDA:29,4,0,1
BRDA:29,4,1,6
BRDA:33,5,0,1
BRDA:33,5,1,6
BRDA:37,6,0,0
BRDA:37,6,1,7
BRDA:42,7,0,2
BRDA:42,7,1,5
BRDA:77,8,0,1
BRDA:77,8,1,2
BRDA:100,9,0,1
BRDA:100,9,1,1
BRDA:109,10,0,0
BRDA:109,10,1,1
BRDA:131,11,0,1
BRDA:131,11,1,0
BRDA:182,12,0,0
BRDA:182,12,1,0
BRDA:210,13,0,0
BRDA:210,13,1,0
BRDA:231,14,0,0
BRDA:233,15,0,0
BRDA:233,15,1,0
BRDA:233,16,0,0
BRDA:233,16,1,0
BRDA:269,17,0,2
BRDA:269,17,1,6
BRDA:269,18,0,8
BRDA:269,18,1,7
BRDA:269,18,2,7
BRDA:278,19,0,1
BRDA:278,19,1,5
BRDA:290,20,0,1
BRDA:290,20,1,4
BRDA:300,21,0,4
BRDA:300,21,1,1
BRF:44
BRH:32
end_of_record
TN:
SF:routes/messageRoutes.js
FN:13,(anonymous_0)
FN:25,(anonymous_1)
FN:45,(anonymous_2)
FN:60,(anonymous_3)
FN:133,(anonymous_4)
FN:224,(anonymous_5)
FN:246,(anonymous_6)
FN:277,(anonymous_7)
FN:301,(anonymous_8)
FN:336,(anonymous_9)
FN:351,(anonymous_10)
FN:380,(anonymous_11)
FN:414,(anonymous_12)
FN:434,(anonymous_13)
FNF:14
FNH:2
FNDA:0,(anonymous_0)
FNDA:0,(anonymous_1)
FNDA:1,(anonymous_2)
FNDA:2,(anonymous_3)
FNDA:0,(anonymous_4)
FNDA:0,(anonymous_5)
FNDA:0,(anonymous_6)
FNDA:0,(anonymous_7)
FNDA:0,(anonymous_8)
FNDA:0,(anonymous_9)
FNDA:0,(anonymous_10)
FNDA:0,(anonymous_11)
FNDA:0,(anonymous_12)
FNDA:0,(anonymous_13)
DA:1,3
DA:2,3
DA:3,3
DA:4,3
DA:5,3
DA:6,3
DA:8,3
DA:13,3
DA:14,0
DA:15,0
DA:25,0
DA:26,0
DA:27,0
DA:33,0
DA:38,0
DA:45,3
DA:46,1
DA:47,1
DA:51,1
DA:52,0
DA:59,1
DA:60,2
DA:63,1
DA:64,0
DA:71,1
DA:72,1
DA:73,1
DA:75,1
DA:84,1
DA:90,1
DA:107,1
DA:108,1
DA:109,1
DA:112,1
DA:126,0
DA:133,3
DA:134,0
DA:135,0
DA:137,0
DA:138,0
DA:139,0
DA:146,0
DA:147,0
DA:148,0
DA:155,0
DA:160,0
DA:161,0
DA:168,0
DA:173,0
DA:176,0
DA:184,0
DA:185,0
DA:187,0
DA:188,0
DA:194,0
DA:196,0
DA:202,0
DA:205,0
DA:212,0
DA:217,0
DA:224,3
DA:225,0
DA:226,0
DA:228,0
DA:229,0
DA:235,0
DA:237,0
DA:238,0
DA:245,0
DA:246,0
DA:249,0
DA:250,0
DA:257,0
DA:270,0
DA:277,0
DA:278,0
DA:279,0
DA:280,0
DA:284,0
DA:286,0
DA:289,0
DA:294,0
DA:301,3
DA:302,0
DA:303,0
DA:305,0
DA:306,0
DA:313,0
DA:314,0
DA:320,0
DA:321,0
DA:322,0
DA:324,0
DA:329,0
DA:336,3
DA:337,0
DA:338,0
DA:340,0
DA:342,0
DA:343,0
DA:350,0
DA:351,0
DA:354,0
DA:355,0
DA:362,0
DA:367,0
DA:368,0
DA:371,0
DA:377,0
DA:378,0
DA:380,0
DA:395,0
DA:396,0
DA:399,0
DA:407,0
DA:414,3
DA:415,0
DA:416,0
DA:418,0
DA:419,0
DA:425,0
DA:426,0
DA:433,0
DA:434,0
DA:438,0
DA:439,0
DA:442,0
DA:445,0
DA:452,0
DA:457,0
DA:461,3
LF:131
LH:31
BRDA:26,0,0,0
BRDA:26,0,1,0
BRDA:51,1,0,0
BRDA:51,1,1,1
BRDA:63,2,0,0
BRDA:63,2,1,1
BRDA:71,3,0,1
BRDA:71,3,1,1
BRDA:72,4,0,1
BRDA:72,4,1,1
BRDA:107,5,0,1
BRDA:107,5,1,0
BRDA:135,6,0,0
BRDA:137,7,0,0
BRDA:137,7,1,0
BRDA:138,8,0,0
BRDA:138,8,1,0
BRDA:147,9,0,0
BRDA:147,9,1,0
BRDA:160,10,0,0
BRDA:160,10,1,0
BRDA:184,11,0,0
BRDA:184,11,1,0
BRDA:187,12,0,0
BRDA:187,12,1,0
BRDA:187,13,0,0
BRDA:187,13,1,0
BRDA:187,13,2,0
BRDA:198,14,0,0
BRDA:198,14,1,0
BRDA:226,15,0,0
BRDA:228,16,0,0
BRDA:228,16,1,0
BRDA:228,17,0,0
BRDA:228,17,1,0
BRDA:228,17,2,0
BRDA:237,18,0,0
BRDA:237,18,1,0
BRDA:249,19,0,0
BRDA:249,19,1,0
BRDA:262,20,0,0
BRDA:262,20,1,0
BRDA:271,21,0,0
BRDA:271,21,1,0
BRDA:278,22,0,0
BRDA:278,22,1,0
BRDA:279,23,0,0
BRDA:279,23,1,0
BRDA:305,24,0,0
BRDA:305,24,1,0
BRDA:313,25,0,0
BRDA:313,25,1,0
BRDA:342,26,0,0
BRDA:342,26,1,0
BRDA:354,27,0,0
BRDA:354,27,1,0
BRDA:367,28,0,0
BRDA:367,28,1,0
BRDA:377,29,0,0
BRDA:377,29,1,0
BRDA:418,30,0,0
BRDA:418,30,1,0
BRDA:425,31,0,0
BRDA:425,31,1,0
BRDA:438,32,0,0
BRDA:438,32,1,0
BRF:66
BRH:7
end_of_record
TN:
SF:routes/notificationRoutes.js
FN:10,(anonymous_0)
FN:54,(anonymous_1)
FN:73,(anonymous_2)
FN:100,(anonymous_3)
FN:119,(anonymous_4)
FN:145,(anonymous_5)
FNF:6
FNH:0
FNDA:0,(anonymous_0)
FNDA:0,(anonymous_1)
FNDA:0,(anonymous_2)
FNDA:0,(anonymous_3)
FNDA:0,(anonymous_4)
FNDA:0,(anonymous_5)
DA:1,3
DA:2,3
DA:3,3
DA:5,3
DA:10,3
DA:11,0
DA:12,0
DA:13,0
DA:14,0
DA:16,0
DA:18,0
DA:19,0
DA:22,0
DA:27,0
DA:28,0
DA:33,0
DA:47,0
DA:54,3
DA:55,0
DA:56,0
DA:61,0
DA:66,0
DA:73,3
DA:74,0
DA:75,0
DA:81,0
DA:82,0
DA:88,0
DA:93,0
DA:100,3
DA:101,0
DA:102,0
DA:107,0
DA:112,0
DA:119,3
DA:120,0
DA:121,0
DA:126,0
DA:127,0
DA:133,0
DA:138,0
DA:145,3
DA:146,0
DA:147,0
DA:149,0
DA:154,0
DA:158,3
LF:47
LH:11
BRDA:12,0,0,0
BRDA:12,0,1,0
BRDA:13,1,0,0
BRDA:13,1,1,0
BRDA:18,2,0,0
BRDA:18,2,1,0
BRDA:81,3,0,0
BRDA:81,3,1,0
BRDA:126,4,0,0
BRDA:126,4,1,0
BRF:10
BRH:0
end_of_record
TN:
SF:routes/teamRoutes.js
FN:11,(anonymous_0)
FN:27,(anonymous_1)
FN:49,(anonymous_2)
FN:54,(anonymous_3)
FN:75,(anonymous_4)
FN:129,(anonymous_5)
FN:155,(anonymous_6)
FN:164,(anonymous_7)
FN:166,(anonymous_8)
FN:196,(anonymous_9)
FN:213,(anonymous_10)
FN:235,(anonymous_11)
FN:292,(anonymous_12)
FN:304,(anonymous_13)
FN:323,(anonymous_14)
FN:350,(anonymous_15)
FN:370,(anonymous_16)
FN:390,(anonymous_17)
FN:416,(anonymous_18)
FN:426,(anonymous_19)
FN:470,(anonymous_20)
FN:491,(anonymous_21)
FN:582,(anonymous_22)
FN:596,(anonymous_23)
FN:626,(anonymous_24)
FN:665,(anonymous_25)
FN:752,(anonymous_26)
FN:780,(anonymous_27)
FN:814,(anonymous_28)
FN:825,(anonymous_29)
FN:843,(anonymous_30)
FN:872,(anonymous_31)
FNF:32
FNH:0
FNDA:0,(anonymous_0)
FNDA:0,(anonymous_1)
FNDA:0,(anonymous_2)
FNDA:0,(anonymous_3)
FNDA:0,(anonymous_4)
FNDA:0,(anonymous_5)
FNDA:0,(anonymous_6)
FNDA:0,(anonymous_7)
FNDA:0,(anonymous_8)
FNDA:0,(anonymous_9)
FNDA:0,(anonymous_10)
FNDA:0,(anonymous_11)
FNDA:0,(anonymous_12)
FNDA:0,(anonymous_13)
FNDA:0,(anonymous_14)
FNDA:0,(anonymous_15)
FNDA:0,(anonymous_16)
FNDA:0,(anonymous_17)
FNDA:0,(anonymous_18)
FNDA:0,(anonymous_19)
FNDA:0,(anonymous_20)
FNDA:0,(anonymous_21)
FNDA:0,(anonymous_22)
FNDA:0,(anonymous_23)
FNDA:0,(anonymous_24)
FNDA:0,(anonymous_25)
FNDA:0,(anonymous_26)
FNDA:0,(anonymous_27)
FNDA:0,(anonymous_28)
FNDA:0,(anonymous_29)
FNDA:0,(anonymous_30)
FNDA:0,(anonymous_31)
DA:1,3
DA:2,3
DA:3,3
DA:4,3
DA:5,3
DA:6,3
DA:7,3
DA:8,3
DA:11,3
DA:12,0
DA:14,0
DA:15,0
DA:23,0
DA:27,3
DA:28,0
DA:30,0
DA:31,0
DA:32,0
DA:33,0
DA:36,0
DA:45,0
DA:49,3
DA:50,0
DA:52,0
DA:53,0
DA:54,0
DA:56,0
DA:59,0
DA:67,0
DA:70,3
DA:75,3
DA:76,0
DA:77,0
DA:78,0
DA:79,0
DA:82,0
DA:84,0
DA:85,0
DA:88,0
DA:89,0
DA:92,0
DA:93,0
DA:96,0
DA:97,0
DA:100,0
DA:107,0
DA:109,0
DA:122,0
DA:129,3
DA:130,0
DA:131,0
DA:132,0
DA:138,0
DA:143,0
DA:148,0
DA:155,3
DA:156,0
DA:157,0
DA:164,0
DA:165,0
DA:166,0
DA:168,0
DA:184,0
DA:189,0
DA:196,3
DA:197,0
DA:198,0
DA:204,0
DA:205,0
DA:212,0
DA:213,0
DA:214,0
DA:216,0
DA:217,0
DA:223,0
DA:228,0
DA:235,3
DA:236,0
DA:238,0
DA:239,0
DA:240,0
DA:247,0
DA:248,0
DA:254,0
DA:264,0
DA:267,0
DA:273,0
DA:275,0
DA:279,0
DA:285,0
DA:292,3
DA:293,0
DA:294,0
DA:296,0
DA:297,0
DA:304,0
DA:305,0
DA:309,0
DA:310,0
DA:317,0
DA:322,0
DA:323,0
DA:324,0
DA:325,0
DA:329,0
DA:337,0
DA:343,0
DA:350,3
DA:351,0
DA:352,0
DA:354,0
DA:355,0
DA:362,0
DA:363,0
DA:370,0
DA:371,0
DA:376,0
DA:378,0
DA:383,0
DA:390,3
DA:391,0
DA:392,0
DA:394,0
DA:395,0
DA:401,0
DA:402,0
DA:408,0
DA:409,0
DA:416,0
DA:417,0
DA:418,0
DA:425,0
DA:426,0
DA:428,0
DA:429,0
DA:435,0
DA:442,0
DA:445,0
DA:449,0
DA:458,0
DA:463,0
DA:470,3
DA:471,0
DA:472,0
DA:474,0
DA:475,0
DA:481,0
DA:483,0
DA:484,0
DA:491,0
DA:492,0
DA:495,0
DA:496,0
DA:502,0
DA:504,0
DA:505,0
DA:511,0
DA:512,0
DA:518,0
DA:520,0
DA:522,0
DA:523,0
DA:530,0
DA:537,0
DA:544,0
DA:545,0
DA:548,0
DA:558,0
DA:568,0
DA:570,0
DA:575,0
DA:582,3
DA:583,0
DA:584,0
DA:586,0
DA:588,0
DA:589,0
DA:596,0
DA:597,0
DA:600,0
DA:601,0
DA:608,0
DA:609,0
DA:610,0
DA:617,0
DA:618,0
DA:625,0
DA:626,0
DA:628,0
DA:629,0
DA:635,0
DA:641,0
DA:644,0
DA:653,0
DA:658,0
DA:665,3
DA:666,0
DA:667,0
DA:669,0
DA:670,0
DA:676,0
DA:678,0
DA:679,0
DA:685,0
DA:687,0
DA:688,0
DA:695,0
DA:696,0
DA:702,0
DA:703,0
DA:709,0
DA:711,0
DA:713,0
DA:714,0
DA:721,0
DA:728,0
DA:734,0
DA:735,0
DA:738,0
DA:740,0
DA:745,0
DA:752,3
DA:753,0
DA:754,0
DA:756,0
DA:757,0
DA:763,0
DA:765,0
DA:766,0
DA:773,0
DA:774,0
DA:780,0
DA:782,0
DA:783,0
DA:789,0
DA:790,0
DA:796,0
DA:797,0
DA:800,0
DA:802,0
DA:807,0
DA:814,3
DA:815,0
DA:816,0
DA:818,0
DA:819,0
DA:825,0
DA:827,0
DA:828,0
DA:835,0
DA:836,0
DA:843,0
DA:844,0
DA:845,0
DA:849,0
DA:850,0
DA:857,0
DA:858,0
DA:859,0
DA:860,0
DA:867,0
DA:868,0
DA:869,0
DA:872,0
DA:873,0
DA:876,0
DA:877,0
DA:879,0
DA:884,0
DA:888,3
LF:270
LH:26
BRDA:14,0,0,0
BRDA:14,0,1,0
BRDA:30,1,0,0
BRDA:30,1,1,0
BRDA:31,2,0,0
BRDA:31,2,1,0
BRDA:52,3,0,0
BRDA:52,3,1,0
BRDA:77,4,0,0
BRDA:77,4,1,0
BRDA:78,5,0,0
BRDA:78,5,1,0
BRDA:84,6,0,0
BRDA:84,6,1,0
BRDA:88,7,0,0
BRDA:88,7,1,0
BRDA:92,8,0,0
BRDA:92,8,1,0
BRDA:96,9,0,0
BRDA:96,9,1,0
BRDA:131,10,0,0
BRDA:131,10,1,0
BRDA:166,11,0,0
BRDA:166,11,1,0
BRDA:204,12,0,0
BRDA:204,12,1,0
BRDA:212,13,0,0
BRDA:212,13,1,0
BRDA:213,14,0,0
BRDA:213,14,1,0
BRDA:214,15,0,0
BRDA:214,15,1,0
BRDA:216,16,0,0
BRDA:216,16,1,0
BRDA:216,17,0,0
BRDA:216,17,1,0
BRDA:216,17,2,0
BRDA:216,17,3,0
BRDA:239,18,0,0
BRDA:239,18,1,0
BRDA:247,19,0,0
BRDA:247,19,1,0
BRDA:296,20,0,0
BRDA:296,20,1,0
BRDA:305,21,0,0
BRDA:305,21,1,0
BRDA:305,21,2,0
BRDA:305,21,3,0
BRDA:309,22,0,0
BRDA:309,22,1,0
BRDA:324,23,0,0
BRDA:324,23,1,0
BRDA:354,24,0,0
BRDA:354,24,1,0
BRDA:362,25,0,0
BRDA:362,25,1,0
BRDA:362,26,0,0
BRDA:362,26,1,0
BRDA:394,27,0,0
BRDA:394,27,1,0
BRDA:401,28,0,0
BRDA:401,28,1,0
BRDA:408,29,0,0
BRDA:408,29,1,0
BRDA:417,30,0,0
BRDA:417,30,1,0
BRDA:426,31,0,0
BRDA:426,31,1,0
BRDA:428,32,0,0
BRDA:428,32,1,0
BRDA:437,33,0,0
BRDA:437,33,1,0
BRDA:445,34,0,0
BRDA:445,34,1,0
BRDA:446,35,0,0
BRDA:446,35,1,0
BRDA:474,36,0,0
BRDA:474,36,1,0
BRDA:483,37,0,0
BRDA:483,37,1,0
BRDA:492,38,0,0
BRDA:492,38,1,0
BRDA:492,38,2,0
BRDA:495,39,0,0
BRDA:495,39,1,0
BRDA:504,40,0,0
BRDA:504,40,1,0
BRDA:511,41,0,0
BRDA:511,41,1,0
BRDA:520,42,0,0
BRDA:520,42,1,0
BRDA:522,43,0,0
BRDA:522,43,1,0
BRDA:544,44,0,0
BRDA:544,44,1,0
BRDA:544,44,2,0
BRDA:588,45,0,0
BRDA:588,45,1,0
BRDA:597,46,0,0
BRDA:597,46,1,0
BRDA:597,46,2,0
BRDA:600,47,0,0
BRDA:600,47,1,0
BRDA:609,48,0,0
BRDA:609,48,1,0
BRDA:617,49,0,0
BRDA:617,49,1,0
BRDA:626,50,0,0
BRDA:626,50,1,0
BRDA:628,51,0,0
BRDA:628,51,1,0
BRDA:669,52,0,0
BRDA:669,52,1,0
BRDA:678,53,0,0
BRDA:678,53,1,0
BRDA:687,54,0,0
BRDA:687,54,1,0
BRDA:695,55,0,0
BRDA:695,55,1,0
BRDA:702,56,0,0
BRDA:702,56,1,0
BRDA:711,57,0,0
BRDA:711,57,1,0
BRDA:713,58,0,0
BRDA:713,58,1,0
BRDA:734,59,0,0
BRDA:734,59,1,0
BRDA:734,59,2,0
BRDA:756,60,0,0
BRDA:756,60,1,0
BRDA:765,61,0,0
BRDA:765,61,1,0
BRDA:773,62,0,0
BRDA:773,62,1,0
BRDA:782,63,0,0
BRDA:782,63,1,0
BRDA:789,64,0,0
BRDA:789,64,1,0
BRDA:818,65,0,0
BRDA:818,65,1,0
BRDA:827,66,0,0
BRDA:827,66,1,0
BRDA:835,67,0,0
BRDA:835,67,1,0
BRDA:845,68,0,0
BRDA:845,68,1,0
BRDA:845,68,2,0
BRDA:845,68,3,0
BRDA:849,69,0,0
BRDA:849,69,1,0
BRDA:858,70,0,0
BRDA:858,70,1,0
BRDA:859,71,0,0
BRDA:859,71,1,0
BRDA:876,72,0,0
BRDA:876,72,1,0
BRDA:876,72,2,0
BRDA:881,73,0,0
BRDA:881,73,1,0
BRF:159
BRH:0
end_of_record
TN:
SF:routes/userRoutes.js
FN:11,(anonymous_0)
FN:79,(anonymous_1)
FN:119,(anonymous_2)
FN:143,(anonymous_3)
FN:160,(anonymous_4)
FN:192,(anonymous_5)
FN:235,(anonymous_6)
FN:328,(anonymous_7)
FN:335,(anonymous_8)
FN:398,(anonymous_9)
FNF:10
FNH:10
FNDA:5,(anonymous_0)
FNDA:4,(anonymous_1)
FNDA:2,(anonymous_2)
FNDA:4,(anonymous_3)
FNDA:30,(anonymous_4)
FNDA:2,(anonymous_5)
FNDA:2,(anonymous_6)
FNDA:2,(anonymous_7)
FNDA:8,(anonymous_8)
FNDA:2,(anonymous_9)
DA:1,3
DA:2,3
DA:3,3
DA:4,3
DA:6,3
DA:11,3
DA:12,5
DA:13,5
DA:14,5
DA:15,5
DA:18,5
DA:21,5
DA:22,1
DA:25,4
DA:28,5
DA:29,0
DA:32,5
DA:33,1
DA:36,5
DA:37,1
DA:38,1
DA:46,5
DA:47,0
DA:50,5
DA:57,5
DA:59,5
DA:72,0
DA:79,3
DA:80,4
DA:81,4
DA:83,4
DA:84,1
DA:90,3
DA:91,3
DA:100,3
DA:102,3
DA:107,3
DA:112,0
DA:119,3
DA:120,2
DA:121,2
DA:124,2
DA:125,1
DA:131,1
DA:136,0
DA:143,3
DA:144,4
DA:146,4
DA:147,1
DA:154,3
DA:159,3
DA:160,3
DA:161,30
DA:162,4
DA:166,3
DA:172,3
DA:173,0
DA:179,3
DA:185,0
DA:192,3
DA:193,2
DA:194,2
DA:195,1
DA:201,1
DA:203,1
DA:204,1
DA:205,1
DA:206,1
DA:207,1
DA:209,1
DA:215,1
DA:216,0
DA:222,1
DA:228,0
DA:235,3
DA:236,2
DA:237,2
DA:241,2
DA:242,1
DA:249,1
DA:252,1
DA:254,0
DA:262,0
DA:264,0
DA:272,0
DA:274,0
DA:282,0
DA:284,0
DA:292,0
DA:294,1
DA:299,1
DA:321,0
DA:328,3
DA:329,2
DA:330,2
DA:332,2
DA:335,2
DA:336,8
DA:337,8
DA:338,8
DA:341,2
DA:342,2
DA:343,2
DA:345,2
DA:346,2
DA:347,2
DA:349,2
DA:350,1
DA:351,1
DA:353,2
DA:354,1
DA:355,1
DA:357,2
DA:358,1
DA:359,1
DA:361,2
DA:362,1
DA:363,1
DA:365,2
DA:366,0
DA:369,2
DA:370,0
DA:376,2
DA:382,2
DA:391,0
DA:398,3
DA:399,2
DA:400,2
DA:401,1
DA:407,1
DA:413,1
DA:414,0
DA:420,1
DA:425,0
DA:429,3
LF:135
LH:112
BRDA:13,0,0,5
BRDA:13,0,1,4
BRDA:14,1,0,5
BRDA:14,1,1,4
BRDA:21,2,0,1
BRDA:21,2,1,4
BRDA:28,3,0,0
BRDA:28,3,1,5
BRDA:32,4,0,1
BRDA:32,4,1,4
BRDA:36,5,0,1
BRDA:36,5,1,4
BRDA:46,6,0,0
BRDA:46,6,1,5
BRDA:83,7,0,1
BRDA:83,7,1,3
BRDA:100,8,0,0
BRDA:100,8,1,3
BRDA:124,9,0,1
BRDA:124,9,1,1
BRDA:146,10,0,1
BRDA:146,10,1,3
BRDA:146,11,0,4
BRDA:146,11,1,1
BRDA:161,12,0,4
BRDA:161,12,1,26
BRDA:172,13,0,0
BRDA:172,13,1,3
BRDA:194,14,0,1
BRDA:194,14,1,1
BRDA:194,15,0,2
BRDA:194,15,1,1
BRDA:204,16,0,1
BRDA:204,16,1,0
BRDA:205,17,0,1
BRDA:205,17,1,0
BRDA:206,18,0,1
BRDA:206,18,1,0
BRDA:207,19,0,0
BRDA:207,19,1,1
BRDA:215,20,0,0
BRDA:215,20,1,1
BRDA:241,21,0,1
BRDA:241,21,1,1
BRDA:252,22,0,0
BRDA:252,22,1,0
BRDA:252,22,2,0
BRDA:252,22,3,0
BRDA:252,22,4,1
BRDA:337,23,0,0
BRDA:337,23,1,8
BRDA:341,24,0,2
BRDA:341,24,1,0
BRDA:343,25,0,2
BRDA:343,25,1,0
BRDA:345,26,0,2
BRDA:345,26,1,0
BRDA:347,27,0,2
BRDA:347,27,1,0
BRDA:349,28,0,1
BRDA:349,28,1,1
BRDA:351,29,0,1
BRDA:351,29,1,0
BRDA:353,30,0,1
BRDA:353,30,1,1
BRDA:355,31,0,1
BRDA:355,31,1,0
BRDA:357,32,0,1
BRDA:357,32,1,1
BRDA:359,33,0,1
BRDA:359,33,1,0
BRDA:361,34,0,1
BRDA:361,34,1,1
BRDA:363,35,0,1
BRDA:363,35,1,0
BRDA:365,36,0,0
BRDA:365,36,1,2
BRDA:369,37,0,0
BRDA:369,37,1,2
BRDA:400,38,0,1
BRDA:400,38,1,1
BRDA:400,39,0,2
BRDA:400,39,1,1
BRDA:413,40,0,0
BRDA:413,40,1,1
BRF:85
BRH:60
end_of_record
